{"meta": {"format": 3, "version": "7.6.12", "timestamp": "2025-04-02T15:04:56.545081", "branch_coverage": false, "show_contexts": false}, "files": {"authentication\\__init__.py": {"executed_lines": [1], "summary": {"covered_lines": 0, "num_statements": 0, "percent_covered": 100.0, "percent_covered_display": "100", "missing_lines": 0, "excluded_lines": 0}, "missing_lines": [], "excluded_lines": [], "functions": {"": {"executed_lines": [1], "summary": {"covered_lines": 0, "num_statements": 0, "percent_covered": 100.0, "percent_covered_display": "100", "missing_lines": 0, "excluded_lines": 0}, "missing_lines": [], "excluded_lines": []}}, "classes": {"": {"executed_lines": [1], "summary": {"covered_lines": 0, "num_statements": 0, "percent_covered": 100.0, "percent_covered_display": "100", "missing_lines": 0, "excluded_lines": 0}, "missing_lines": [], "excluded_lines": []}}}, "authentication\\admin.py": {"executed_lines": [1, 3, 6, 7, 11], "summary": {"covered_lines": 5, "num_statements": 5, "percent_covered": 100.0, "percent_covered_display": "100", "missing_lines": 0, "excluded_lines": 0}, "missing_lines": [], "excluded_lines": [], "functions": {"": {"executed_lines": [1, 3, 6, 7, 11], "summary": {"covered_lines": 5, "num_statements": 5, "percent_covered": 100.0, "percent_covered_display": "100", "missing_lines": 0, "excluded_lines": 0}, "missing_lines": [], "excluded_lines": []}}, "classes": {"NotificationAdmin": {"executed_lines": [], "summary": {"covered_lines": 0, "num_statements": 0, "percent_covered": 100.0, "percent_covered_display": "100", "missing_lines": 0, "excluded_lines": 0}, "missing_lines": [], "excluded_lines": []}, "": {"executed_lines": [1, 3, 6, 7, 11], "summary": {"covered_lines": 5, "num_statements": 5, "percent_covered": 100.0, "percent_covered_display": "100", "missing_lines": 0, "excluded_lines": 0}, "missing_lines": [], "excluded_lines": []}}}, "authentication\\apps.py": {"executed_lines": [1, 4, 5, 6, 8, 9, 11, 14, 15, 16, 17, 23, 24, 29, 30, 31, 32, 35, 36, 37, 40, 41, 42, 43, 46, 49, 50, 51, 52, 55, 56, 57, 58, 61, 62, 63, 64, 68, 69, 79, 80, 89, 90, 99, 100], "summary": {"covered_lines": 45, "num_statements": 48, "percent_covered": 93.75, "percent_covered_display": "94", "missing_lines": 3, "excluded_lines": 0}, "missing_lines": [18, 19, 20], "excluded_lines": [], "functions": {"AuthenticationConfig.ready": {"executed_lines": [9, 11], "summary": {"covered_lines": 2, "num_statements": 2, "percent_covered": 100.0, "percent_covered_display": "100", "missing_lines": 0, "excluded_lines": 0}, "missing_lines": [], "excluded_lines": []}, "get_permission": {"executed_lines": [15, 16, 17], "summary": {"covered_lines": 3, "num_statements": 6, "percent_covered": 50.0, "percent_covered_display": "50", "missing_lines": 3, "excluded_lines": 0}, "missing_lines": [18, 19, 20], "excluded_lines": []}, "assign_permissions_to_groups": {"executed_lines": [24, 29, 30, 31, 32, 35, 36, 37, 40, 41, 42, 43, 46, 49, 50, 51, 52, 55, 56, 57, 58, 61, 62, 63, 64, 68, 69, 79, 80, 89, 90, 99, 100], "summary": {"covered_lines": 33, "num_statements": 33, "percent_covered": 100.0, "percent_covered_display": "100", "missing_lines": 0, "excluded_lines": 0}, "missing_lines": [], "excluded_lines": []}, "": {"executed_lines": [1, 4, 5, 6, 8, 14, 23], "summary": {"covered_lines": 7, "num_statements": 7, "percent_covered": 100.0, "percent_covered_display": "100", "missing_lines": 0, "excluded_lines": 0}, "missing_lines": [], "excluded_lines": []}}, "classes": {"AuthenticationConfig": {"executed_lines": [9, 11], "summary": {"covered_lines": 2, "num_statements": 2, "percent_covered": 100.0, "percent_covered_display": "100", "missing_lines": 0, "excluded_lines": 0}, "missing_lines": [], "excluded_lines": []}, "": {"executed_lines": [1, 4, 5, 6, 8, 14, 15, 16, 17, 23, 24, 29, 30, 31, 32, 35, 36, 37, 40, 41, 42, 43, 46, 49, 50, 51, 52, 55, 56, 57, 58, 61, 62, 63, 64, 68, 69, 79, 80, 89, 90, 99, 100], "summary": {"covered_lines": 43, "num_statements": 46, "percent_covered": 93.47826086956522, "percent_covered_display": "93", "missing_lines": 3, "excluded_lines": 0}, "missing_lines": [18, 19, 20], "excluded_lines": []}}}, "authentication\\context_processors.py": {"executed_lines": [2, 4], "summary": {"covered_lines": 2, "num_statements": 6, "percent_covered": 33.333333333333336, "percent_covered_display": "33", "missing_lines": 4, "excluded_lines": 0}, "missing_lines": [6, 7, 8, 9], "excluded_lines": [], "functions": {"unread_notifications_count": {"executed_lines": [], "summary": {"covered_lines": 0, "num_statements": 4, "percent_covered": 0.0, "percent_covered_display": "0", "missing_lines": 4, "excluded_lines": 0}, "missing_lines": [6, 7, 8, 9], "excluded_lines": []}, "": {"executed_lines": [2, 4], "summary": {"covered_lines": 2, "num_statements": 2, "percent_covered": 100.0, "percent_covered_display": "100", "missing_lines": 0, "excluded_lines": 0}, "missing_lines": [], "excluded_lines": []}}, "classes": {"": {"executed_lines": [2, 4], "summary": {"covered_lines": 2, "num_statements": 6, "percent_covered": 33.333333333333336, "percent_covered_display": "33", "missing_lines": 4, "excluded_lines": 0}, "missing_lines": [6, 7, 8, 9], "excluded_lines": []}}}, "authentication\\migrations\\0001_initial.py": {"executed_lines": [3, 4, 5, 8, 10, 12, 16], "summary": {"covered_lines": 7, "num_statements": 7, "percent_covered": 100.0, "percent_covered_display": "100", "missing_lines": 0, "excluded_lines": 0}, "missing_lines": [], "excluded_lines": [], "functions": {"": {"executed_lines": [3, 4, 5, 8, 10, 12, 16], "summary": {"covered_lines": 7, "num_statements": 7, "percent_covered": 100.0, "percent_covered_display": "100", "missing_lines": 0, "excluded_lines": 0}, "missing_lines": [], "excluded_lines": []}}, "classes": {"Migration": {"executed_lines": [], "summary": {"covered_lines": 0, "num_statements": 0, "percent_covered": 100.0, "percent_covered_display": "100", "missing_lines": 0, "excluded_lines": 0}, "missing_lines": [], "excluded_lines": []}, "": {"executed_lines": [3, 4, 5, 8, 10, 12, 16], "summary": {"covered_lines": 7, "num_statements": 7, "percent_covered": 100.0, "percent_covered_display": "100", "missing_lines": 0, "excluded_lines": 0}, "missing_lines": [], "excluded_lines": []}}}, "authentication\\migrations\\0002_create_groups.py": {"executed_lines": [1, 2, 3, 6, 7, 8, 10, 11, 12, 13, 14, 17, 18, 19, 20, 23, 24, 25, 28, 29, 30, 31, 34, 37, 38, 39, 40, 43, 44, 45, 46, 49, 50, 51, 52, 55, 56, 57, 67, 68, 69, 78, 79, 80, 89, 90, 91, 101, 103, 105, 110], "summary": {"covered_lines": 51, "num_statements": 51, "percent_covered": 100.0, "percent_covered_display": "100", "missing_lines": 0, "excluded_lines": 0}, "missing_lines": [], "excluded_lines": [], "functions": {"create_groups": {"executed_lines": [7, 8, 10, 17, 18, 19, 20, 23, 24, 25, 28, 29, 30, 31, 34, 37, 38, 39, 40, 43, 44, 45, 46, 49, 50, 51, 52, 55, 56, 57, 67, 68, 69, 78, 79, 80, 89, 90, 91], "summary": {"covered_lines": 39, "num_statements": 39, "percent_covered": 100.0, "percent_covered_display": "100", "missing_lines": 0, "excluded_lines": 0}, "missing_lines": [], "excluded_lines": []}, "create_groups.get_permission": {"executed_lines": [11, 12, 13, 14], "summary": {"covered_lines": 4, "num_statements": 4, "percent_covered": 100.0, "percent_covered_display": "100", "missing_lines": 0, "excluded_lines": 0}, "missing_lines": [], "excluded_lines": []}, "": {"executed_lines": [1, 2, 3, 6, 101, 103, 105, 110], "summary": {"covered_lines": 8, "num_statements": 8, "percent_covered": 100.0, "percent_covered_display": "100", "missing_lines": 0, "excluded_lines": 0}, "missing_lines": [], "excluded_lines": []}}, "classes": {"Migration": {"executed_lines": [], "summary": {"covered_lines": 0, "num_statements": 0, "percent_covered": 100.0, "percent_covered_display": "100", "missing_lines": 0, "excluded_lines": 0}, "missing_lines": [], "excluded_lines": []}, "": {"executed_lines": [1, 2, 3, 6, 7, 8, 10, 11, 12, 13, 14, 17, 18, 19, 20, 23, 24, 25, 28, 29, 30, 31, 34, 37, 38, 39, 40, 43, 44, 45, 46, 49, 50, 51, 52, 55, 56, 57, 67, 68, 69, 78, 79, 80, 89, 90, 91, 101, 103, 105, 110], "summary": {"covered_lines": 51, "num_statements": 51, "percent_covered": 100.0, "percent_covered_display": "100", "missing_lines": 0, "excluded_lines": 0}, "missing_lines": [], "excluded_lines": []}}}, "authentication\\migrations\\__init__.py": {"executed_lines": [0], "summary": {"covered_lines": 0, "num_statements": 0, "percent_covered": 100.0, "percent_covered_display": "100", "missing_lines": 0, "excluded_lines": 0}, "missing_lines": [], "excluded_lines": [], "functions": {"": {"executed_lines": [], "summary": {"covered_lines": 0, "num_statements": 0, "percent_covered": 100.0, "percent_covered_display": "100", "missing_lines": 0, "excluded_lines": 0}, "missing_lines": [], "excluded_lines": []}}, "classes": {"": {"executed_lines": [], "summary": {"covered_lines": 0, "num_statements": 0, "percent_covered": 100.0, "percent_covered_display": "100", "missing_lines": 0, "excluded_lines": 0}, "missing_lines": [], "excluded_lines": []}}}, "authentication\\models.py": {"executed_lines": [2, 3, 4, 11, 13, 14, 15, 16, 17, 19], "summary": {"covered_lines": 10, "num_statements": 13, "percent_covered": 76.92307692307692, "percent_covered_display": "77", "missing_lines": 3, "excluded_lines": 0}, "missing_lines": [20, 21, 22], "excluded_lines": [], "functions": {"Notification.__str__": {"executed_lines": [], "summary": {"covered_lines": 0, "num_statements": 3, "percent_covered": 0.0, "percent_covered_display": "0", "missing_lines": 3, "excluded_lines": 0}, "missing_lines": [20, 21, 22], "excluded_lines": []}, "": {"executed_lines": [2, 3, 4, 11, 13, 14, 15, 16, 17, 19], "summary": {"covered_lines": 10, "num_statements": 10, "percent_covered": 100.0, "percent_covered_display": "100", "missing_lines": 0, "excluded_lines": 0}, "missing_lines": [], "excluded_lines": []}}, "classes": {"Notification": {"executed_lines": [], "summary": {"covered_lines": 0, "num_statements": 3, "percent_covered": 0.0, "percent_covered_display": "0", "missing_lines": 3, "excluded_lines": 0}, "missing_lines": [20, 21, 22], "excluded_lines": []}, "": {"executed_lines": [2, 3, 4, 11, 13, 14, 15, 16, 17, 19], "summary": {"covered_lines": 10, "num_statements": 10, "percent_covered": 100.0, "percent_covered_display": "100", "missing_lines": 0, "excluded_lines": 0}, "missing_lines": [], "excluded_lines": []}}}, "authentication\\templatetags\\__init__.py": {"executed_lines": [0], "summary": {"covered_lines": 0, "num_statements": 0, "percent_covered": 100.0, "percent_covered_display": "100", "missing_lines": 0, "excluded_lines": 0}, "missing_lines": [], "excluded_lines": [], "functions": {"": {"executed_lines": [], "summary": {"covered_lines": 0, "num_statements": 0, "percent_covered": 100.0, "percent_covered_display": "100", "missing_lines": 0, "excluded_lines": 0}, "missing_lines": [], "excluded_lines": []}}, "classes": {"": {"executed_lines": [], "summary": {"covered_lines": 0, "num_statements": 0, "percent_covered": 100.0, "percent_covered_display": "100", "missing_lines": 0, "excluded_lines": 0}, "missing_lines": [], "excluded_lines": []}}}, "authentication\\templatetags\\custom_filters.py": {"executed_lines": [1, 3, 5, 6, 9, 10], "summary": {"covered_lines": 6, "num_statements": 8, "percent_covered": 75.0, "percent_covered_display": "75", "missing_lines": 2, "excluded_lines": 0}, "missing_lines": [7, 11], "excluded_lines": [], "functions": {"clean_id_for_label": {"executed_lines": [], "summary": {"covered_lines": 0, "num_statements": 1, "percent_covered": 0.0, "percent_covered_display": "0", "missing_lines": 1, "excluded_lines": 0}, "missing_lines": [7], "excluded_lines": []}, "attr": {"executed_lines": [], "summary": {"covered_lines": 0, "num_statements": 1, "percent_covered": 0.0, "percent_covered_display": "0", "missing_lines": 1, "excluded_lines": 0}, "missing_lines": [11], "excluded_lines": []}, "": {"executed_lines": [1, 3, 5, 6, 9, 10], "summary": {"covered_lines": 6, "num_statements": 6, "percent_covered": 100.0, "percent_covered_display": "100", "missing_lines": 0, "excluded_lines": 0}, "missing_lines": [], "excluded_lines": []}}, "classes": {"": {"executed_lines": [1, 3, 5, 6, 9, 10], "summary": {"covered_lines": 6, "num_statements": 8, "percent_covered": 75.0, "percent_covered_display": "75", "missing_lines": 2, "excluded_lines": 0}, "missing_lines": [7, 11], "excluded_lines": []}}}, "authentication\\tests\\__init__.py": {"executed_lines": [0], "summary": {"covered_lines": 0, "num_statements": 0, "percent_covered": 100.0, "percent_covered_display": "100", "missing_lines": 0, "excluded_lines": 0}, "missing_lines": [], "excluded_lines": [], "functions": {"": {"executed_lines": [], "summary": {"covered_lines": 0, "num_statements": 0, "percent_covered": 100.0, "percent_covered_display": "100", "missing_lines": 0, "excluded_lines": 0}, "missing_lines": [], "excluded_lines": []}}, "classes": {"": {"executed_lines": [], "summary": {"covered_lines": 0, "num_statements": 0, "percent_covered": 100.0, "percent_covered_display": "100", "missing_lines": 0, "excluded_lines": 0}, "missing_lines": [], "excluded_lines": []}}}, "authentication\\tests\\test_models.py": {"executed_lines": [1, 2, 3, 4, 6, 7], "summary": {"covered_lines": 6, "num_statements": 6, "percent_covered": 100.0, "percent_covered_display": "100", "missing_lines": 0, "excluded_lines": 0}, "missing_lines": [], "excluded_lines": [], "functions": {"": {"executed_lines": [1, 2, 3, 4, 6, 7], "summary": {"covered_lines": 6, "num_statements": 6, "percent_covered": 100.0, "percent_covered_display": "100", "missing_lines": 0, "excluded_lines": 0}, "missing_lines": [], "excluded_lines": []}}, "classes": {"": {"executed_lines": [1, 2, 3, 4, 6, 7], "summary": {"covered_lines": 6, "num_statements": 6, "percent_covered": 100.0, "percent_covered_display": "100", "missing_lines": 0, "excluded_lines": 0}, "missing_lines": [], "excluded_lines": []}}}, "authentication\\tests\\test_views.py": {"executed_lines": [1, 2, 3, 4, 6, 7, 10, 11, 12, 22, 23, 24, 46], "summary": {"covered_lines": 13, "num_statements": 20, "percent_covered": 65.0, "percent_covered_display": "65", "missing_lines": 7, "excluded_lines": 0}, "missing_lines": [32, 35, 36, 38, 40, 41, 43], "excluded_lines": [], "functions": {"DatabaseLoginViewTests.setUpTestData": {"executed_lines": [], "summary": {"covered_lines": 0, "num_statements": 0, "percent_covered": 100.0, "percent_covered_display": "100", "missing_lines": 0, "excluded_lines": 0}, "missing_lines": [], "excluded_lines": []}, "NotificationViewTests.setUpTestData": {"executed_lines": [], "summary": {"covered_lines": 0, "num_statements": 7, "percent_covered": 0.0, "percent_covered_display": "0", "missing_lines": 7, "excluded_lines": 0}, "missing_lines": [32, 35, 36, 38, 40, 41, 43], "excluded_lines": []}, "NotificationViewTests.test_notification_view_GET_authenticated": {"executed_lines": [], "summary": {"covered_lines": 0, "num_statements": 0, "percent_covered": 100.0, "percent_covered_display": "100", "missing_lines": 0, "excluded_lines": 0}, "missing_lines": [], "excluded_lines": []}, "": {"executed_lines": [1, 2, 3, 4, 6, 7, 10, 11, 12, 22, 23, 24, 46], "summary": {"covered_lines": 13, "num_statements": 13, "percent_covered": 100.0, "percent_covered_display": "100", "missing_lines": 0, "excluded_lines": 0}, "missing_lines": [], "excluded_lines": []}}, "classes": {"DatabaseLoginViewTests": {"executed_lines": [], "summary": {"covered_lines": 0, "num_statements": 0, "percent_covered": 100.0, "percent_covered_display": "100", "missing_lines": 0, "excluded_lines": 0}, "missing_lines": [], "excluded_lines": []}, "NotificationViewTests": {"executed_lines": [], "summary": {"covered_lines": 0, "num_statements": 7, "percent_covered": 0.0, "percent_covered_display": "0", "missing_lines": 7, "excluded_lines": 0}, "missing_lines": [32, 35, 36, 38, 40, 41, 43], "excluded_lines": []}, "": {"executed_lines": [1, 2, 3, 4, 6, 7, 10, 11, 12, 22, 23, 24, 46], "summary": {"covered_lines": 13, "num_statements": 13, "percent_covered": 100.0, "percent_covered_display": "100", "missing_lines": 0, "excluded_lines": 0}, "missing_lines": [], "excluded_lines": []}}}, "authentication\\urls.py": {"executed_lines": [1, 2, 4, 6], "summary": {"covered_lines": 4, "num_statements": 4, "percent_covered": 100.0, "percent_covered_display": "100", "missing_lines": 0, "excluded_lines": 0}, "missing_lines": [], "excluded_lines": [], "functions": {"": {"executed_lines": [1, 2, 4, 6], "summary": {"covered_lines": 4, "num_statements": 4, "percent_covered": 100.0, "percent_covered_display": "100", "missing_lines": 0, "excluded_lines": 0}, "missing_lines": [], "excluded_lines": []}}, "classes": {"": {"executed_lines": [1, 2, 4, 6], "summary": {"covered_lines": 4, "num_statements": 4, "percent_covered": 100.0, "percent_covered_display": "100", "missing_lines": 0, "excluded_lines": 0}, "missing_lines": [], "excluded_lines": []}}}, "authentication\\views.py": {"executed_lines": [1, 26, 27, 28, 29, 31, 33, 34, 35, 36, 37, 38, 40, 42, 43, 44, 45, 47, 48, 50, 51, 56, 76, 83, 84, 95, 97, 125, 126, 145, 146, 147, 148, 149, 151, 166, 169, 179, 180, 181, 183, 201, 211, 219, 231, 232, 253, 254, 256, 274, 284, 296, 298, 320, 321, 339, 340, 341, 343, 353, 354, 371, 372, 374, 398, 399, 419, 420, 421, 423, 442, 451, 472, 473, 491, 492, 498, 500, 514, 515, 534, 535, 537, 549, 551], "summary": {"covered_lines": 75, "num_statements": 137, "percent_covered": 54.74452554744526, "percent_covered_display": "55", "missing_lines": 62, "excluded_lines": 0}, "missing_lines": [71, 72, 73, 77, 78, 79, 80, 112, 113, 115, 116, 118, 119, 120, 122, 161, 162, 163, 196, 197, 198, 199, 208, 209, 213, 214, 215, 216, 228, 269, 270, 271, 272, 281, 282, 294, 314, 315, 317, 350, 389, 390, 391, 392, 394, 395, 437, 438, 439, 440, 449, 464, 465, 466, 467, 468, 469, 511, 547, 567, 568, 570], "excluded_lines": [], "functions": {"home": {"executed_lines": [], "summary": {"covered_lines": 0, "num_statements": 3, "percent_covered": 0.0, "percent_covered_display": "0", "missing_lines": 3, "excluded_lines": 0}, "missing_lines": [71, 72, 73], "excluded_lines": []}, "unread_notifications_count_view": {"executed_lines": [], "summary": {"covered_lines": 0, "num_statements": 4, "percent_covered": 0.0, "percent_covered_display": "0", "missing_lines": 4, "excluded_lines": 0}, "missing_lines": [77, 78, 79, 80], "excluded_lines": []}, "DatabaseLoginView.form_invalid": {"executed_lines": [], "summary": {"covered_lines": 0, "num_statements": 8, "percent_covered": 0.0, "percent_covered_display": "0", "missing_lines": 8, "excluded_lines": 0}, "missing_lines": [112, 113, 115, 116, 118, 119, 120, 122], "excluded_lines": []}, "NotificationView.get_queryset": {"executed_lines": [], "summary": {"covered_lines": 0, "num_statements": 3, "percent_covered": 0.0, "percent_covered_display": "0", "missing_lines": 3, "excluded_lines": 0}, "missing_lines": [161, 162, 163], "excluded_lines": []}, "NotificationUpdateView.test_func": {"executed_lines": [], "summary": {"covered_lines": 0, "num_statements": 4, "percent_covered": 0.0, "percent_covered_display": "0", "missing_lines": 4, "excluded_lines": 0}, "missing_lines": [196, 197, 198, 199], "excluded_lines": []}, "NotificationUpdateView.handle_no_permission": {"executed_lines": [], "summary": {"covered_lines": 0, "num_statements": 2, "percent_covered": 0.0, "percent_covered_display": "0", "missing_lines": 2, "excluded_lines": 0}, "missing_lines": [208, 209], "excluded_lines": []}, "NotificationUpdateView.get_context_data": {"executed_lines": [], "summary": {"covered_lines": 0, "num_statements": 4, "percent_covered": 0.0, "percent_covered_display": "0", "missing_lines": 4, "excluded_lines": 0}, "missing_lines": [213, 214, 215, 216], "excluded_lines": []}, "NotificationUpdateView.get_success_url": {"executed_lines": [], "summary": {"covered_lines": 0, "num_statements": 1, "percent_covered": 0.0, "percent_covered_display": "0", "missing_lines": 1, "excluded_lines": 0}, "missing_lines": [228], "excluded_lines": []}, "NotificationDeleteView.test_func": {"executed_lines": [], "summary": {"covered_lines": 0, "num_statements": 4, "percent_covered": 0.0, "percent_covered_display": "0", "missing_lines": 4, "excluded_lines": 0}, "missing_lines": [269, 270, 271, 272], "excluded_lines": []}, "NotificationDeleteView.handle_no_permission": {"executed_lines": [], "summary": {"covered_lines": 0, "num_statements": 2, "percent_covered": 0.0, "percent_covered_display": "0", "missing_lines": 2, "excluded_lines": 0}, "missing_lines": [281, 282], "excluded_lines": []}, "NotificationDeleteView.get_fail_url": {"executed_lines": [], "summary": {"covered_lines": 0, "num_statements": 1, "percent_covered": 0.0, "percent_covered_display": "0", "missing_lines": 1, "excluded_lines": 0}, "missing_lines": [294], "excluded_lines": []}, "NotificationDeleteView.post": {"executed_lines": [], "summary": {"covered_lines": 0, "num_statements": 3, "percent_covered": 0.0, "percent_covered_display": "0", "missing_lines": 3, "excluded_lines": 0}, "missing_lines": [314, 315, 317], "excluded_lines": []}, "UsersView.get_queryset": {"executed_lines": [], "summary": {"covered_lines": 0, "num_statements": 1, "percent_covered": 0.0, "percent_covered_display": "0", "missing_lines": 1, "excluded_lines": 0}, "missing_lines": [350], "excluded_lines": []}, "UserDetailsView.get_context_data": {"executed_lines": [], "summary": {"covered_lines": 0, "num_statements": 6, "percent_covered": 0.0, "percent_covered_display": "0", "missing_lines": 6, "excluded_lines": 0}, "missing_lines": [389, 390, 391, 392, 394, 395], "excluded_lines": []}, "UserCreateView.get_context_data": {"executed_lines": [], "summary": {"covered_lines": 0, "num_statements": 4, "percent_covered": 0.0, "percent_covered_display": "0", "missing_lines": 4, "excluded_lines": 0}, "missing_lines": [437, 438, 439, 440], "excluded_lines": []}, "UserCreateView.get_success_url": {"executed_lines": [], "summary": {"covered_lines": 0, "num_statements": 1, "percent_covered": 0.0, "percent_covered_display": "0", "missing_lines": 1, "excluded_lines": 0}, "missing_lines": [449], "excluded_lines": []}, "UserCreateView.form_valid": {"executed_lines": [], "summary": {"covered_lines": 0, "num_statements": 6, "percent_covered": 0.0, "percent_covered_display": "0", "missing_lines": 6, "excluded_lines": 0}, "missing_lines": [464, 465, 466, 467, 468, 469], "excluded_lines": []}, "UserUpdateView.get_success_url": {"executed_lines": [], "summary": {"covered_lines": 0, "num_statements": 1, "percent_covered": 0.0, "percent_covered_display": "0", "missing_lines": 1, "excluded_lines": 0}, "missing_lines": [511], "excluded_lines": []}, "UserDeleteView.get_fail_url": {"executed_lines": [], "summary": {"covered_lines": 0, "num_statements": 1, "percent_covered": 0.0, "percent_covered_display": "0", "missing_lines": 1, "excluded_lines": 0}, "missing_lines": [547], "excluded_lines": []}, "UserDeleteView.post": {"executed_lines": [], "summary": {"covered_lines": 0, "num_statements": 3, "percent_covered": 0.0, "percent_covered_display": "0", "missing_lines": 3, "excluded_lines": 0}, "missing_lines": [567, 568, 570], "excluded_lines": []}, "": {"executed_lines": [1, 26, 27, 28, 29, 31, 33, 34, 35, 36, 37, 38, 40, 42, 43, 44, 45, 47, 48, 50, 51, 56, 76, 83, 84, 95, 97, 125, 126, 145, 146, 147, 148, 149, 151, 166, 169, 179, 180, 181, 183, 201, 211, 219, 231, 232, 253, 254, 256, 274, 284, 296, 298, 320, 321, 339, 340, 341, 343, 353, 354, 371, 372, 374, 398, 399, 419, 420, 421, 423, 442, 451, 472, 473, 491, 492, 498, 500, 514, 515, 534, 535, 537, 549, 551], "summary": {"covered_lines": 75, "num_statements": 75, "percent_covered": 100.0, "percent_covered_display": "100", "missing_lines": 0, "excluded_lines": 0}, "missing_lines": [], "excluded_lines": []}}, "classes": {"DatabaseLoginView": {"executed_lines": [], "summary": {"covered_lines": 0, "num_statements": 8, "percent_covered": 0.0, "percent_covered_display": "0", "missing_lines": 8, "excluded_lines": 0}, "missing_lines": [112, 113, 115, 116, 118, 119, 120, 122], "excluded_lines": []}, "NotificationView": {"executed_lines": [], "summary": {"covered_lines": 0, "num_statements": 3, "percent_covered": 0.0, "percent_covered_display": "0", "missing_lines": 3, "excluded_lines": 0}, "missing_lines": [161, 162, 163], "excluded_lines": []}, "NotificationUpdateView": {"executed_lines": [], "summary": {"covered_lines": 0, "num_statements": 11, "percent_covered": 0.0, "percent_covered_display": "0", "missing_lines": 11, "excluded_lines": 0}, "missing_lines": [196, 197, 198, 199, 208, 209, 213, 214, 215, 216, 228], "excluded_lines": []}, "NotificationDeleteView": {"executed_lines": [], "summary": {"covered_lines": 0, "num_statements": 10, "percent_covered": 0.0, "percent_covered_display": "0", "missing_lines": 10, "excluded_lines": 0}, "missing_lines": [269, 270, 271, 272, 281, 282, 294, 314, 315, 317], "excluded_lines": []}, "UsersView": {"executed_lines": [], "summary": {"covered_lines": 0, "num_statements": 1, "percent_covered": 0.0, "percent_covered_display": "0", "missing_lines": 1, "excluded_lines": 0}, "missing_lines": [350], "excluded_lines": []}, "UserDetailsView": {"executed_lines": [], "summary": {"covered_lines": 0, "num_statements": 6, "percent_covered": 0.0, "percent_covered_display": "0", "missing_lines": 6, "excluded_lines": 0}, "missing_lines": [389, 390, 391, 392, 394, 395], "excluded_lines": []}, "UserCreateView": {"executed_lines": [], "summary": {"covered_lines": 0, "num_statements": 11, "percent_covered": 0.0, "percent_covered_display": "0", "missing_lines": 11, "excluded_lines": 0}, "missing_lines": [437, 438, 439, 440, 449, 464, 465, 466, 467, 468, 469], "excluded_lines": []}, "UserUpdateView": {"executed_lines": [], "summary": {"covered_lines": 0, "num_statements": 1, "percent_covered": 0.0, "percent_covered_display": "0", "missing_lines": 1, "excluded_lines": 0}, "missing_lines": [511], "excluded_lines": []}, "UserDeleteView": {"executed_lines": [], "summary": {"covered_lines": 0, "num_statements": 4, "percent_covered": 0.0, "percent_covered_display": "0", "missing_lines": 4, "excluded_lines": 0}, "missing_lines": [547, 567, 568, 570], "excluded_lines": []}, "": {"executed_lines": [1, 26, 27, 28, 29, 31, 33, 34, 35, 36, 37, 38, 40, 42, 43, 44, 45, 47, 48, 50, 51, 56, 76, 83, 84, 95, 97, 125, 126, 145, 146, 147, 148, 149, 151, 166, 169, 179, 180, 181, 183, 201, 211, 219, 231, 232, 253, 254, 256, 274, 284, 296, 298, 320, 321, 339, 340, 341, 343, 353, 354, 371, 372, 374, 398, 399, 419, 420, 421, 423, 442, 451, 472, 473, 491, 492, 498, 500, 514, 515, 534, 535, 537, 549, 551], "summary": {"covered_lines": 75, "num_statements": 82, "percent_covered": 91.46341463414635, "percent_covered_display": "91", "missing_lines": 7, "excluded_lines": 0}, "missing_lines": [71, 72, 73, 77, 78, 79, 80], "excluded_lines": []}}}, "inventory\\__init__.py": {"executed_lines": [1], "summary": {"covered_lines": 0, "num_statements": 0, "percent_covered": 100.0, "percent_covered_display": "100", "missing_lines": 0, "excluded_lines": 0}, "missing_lines": [], "excluded_lines": [], "functions": {"": {"executed_lines": [1], "summary": {"covered_lines": 0, "num_statements": 0, "percent_covered": 100.0, "percent_covered_display": "100", "missing_lines": 0, "excluded_lines": 0}, "missing_lines": [], "excluded_lines": []}}, "classes": {"": {"executed_lines": [1], "summary": {"covered_lines": 0, "num_statements": 0, "percent_covered": 100.0, "percent_covered_display": "100", "missing_lines": 0, "excluded_lines": 0}, "missing_lines": [], "excluded_lines": []}}}, "inventory\\admin.py": {"executed_lines": [1, 2, 3, 4, 5, 6, 7, 9, 11, 14, 21, 24, 26, 57, 79, 80, 83, 85, 88, 89, 92, 93, 97, 98, 99, 100, 101], "summary": {"covered_lines": 27, "num_statements": 46, "percent_covered": 58.69565217391305, "percent_covered_display": "59", "missing_lines": 19, "excluded_lines": 0}, "missing_lines": [34, 36, 37, 38, 39, 40, 41, 44, 45, 46, 49, 50, 51, 55, 69, 70, 71, 72, 76], "excluded_lines": [], "functions": {"ItemAdmin.delete_model": {"executed_lines": [], "summary": {"covered_lines": 0, "num_statements": 14, "percent_covered": 0.0, "percent_covered_display": "0", "missing_lines": 14, "excluded_lines": 0}, "missing_lines": [34, 36, 37, 38, 39, 40, 41, 44, 45, 46, 49, 50, 51, 55], "excluded_lines": []}, "ItemAdmin.delete_view": {"executed_lines": [], "summary": {"covered_lines": 0, "num_statements": 5, "percent_covered": 0.0, "percent_covered_display": "0", "missing_lines": 5, "excluded_lines": 0}, "missing_lines": [69, 70, 71, 72, 76], "excluded_lines": []}, "": {"executed_lines": [1, 2, 3, 4, 5, 6, 7, 9, 11, 14, 21, 24, 26, 57, 79, 80, 83, 85, 88, 89, 92, 93, 97, 98, 99, 100, 101], "summary": {"covered_lines": 27, "num_statements": 27, "percent_covered": 100.0, "percent_covered_display": "100", "missing_lines": 0, "excluded_lines": 0}, "missing_lines": [], "excluded_lines": []}}, "classes": {"ItemAdmin": {"executed_lines": [], "summary": {"covered_lines": 0, "num_statements": 19, "percent_covered": 0.0, "percent_covered_display": "0", "missing_lines": 19, "excluded_lines": 0}, "missing_lines": [34, 36, 37, 38, 39, 40, 41, 44, 45, 46, 49, 50, 51, 55, 69, 70, 71, 72, 76], "excluded_lines": []}, "ItemHistoryAdmin": {"executed_lines": [], "summary": {"covered_lines": 0, "num_statements": 0, "percent_covered": 100.0, "percent_covered_display": "100", "missing_lines": 0, "excluded_lines": 0}, "missing_lines": [], "excluded_lines": []}, "ItemRequestAdmin": {"executed_lines": [], "summary": {"covered_lines": 0, "num_statements": 0, "percent_covered": 100.0, "percent_covered_display": "100", "missing_lines": 0, "excluded_lines": 0}, "missing_lines": [], "excluded_lines": []}, "UsedItemAdmin": {"executed_lines": [], "summary": {"covered_lines": 0, "num_statements": 0, "percent_covered": 100.0, "percent_covered_display": "100", "missing_lines": 0, "excluded_lines": 0}, "missing_lines": [], "excluded_lines": []}, "PurchaseOrderItemAdmin": {"executed_lines": [], "summary": {"covered_lines": 0, "num_statements": 0, "percent_covered": 100.0, "percent_covered_display": "100", "missing_lines": 0, "excluded_lines": 0}, "missing_lines": [], "excluded_lines": []}, "": {"executed_lines": [1, 2, 3, 4, 5, 6, 7, 9, 11, 14, 21, 24, 26, 57, 79, 80, 83, 85, 88, 89, 92, 93, 97, 98, 99, 100, 101], "summary": {"covered_lines": 27, "num_statements": 27, "percent_covered": 100.0, "percent_covered_display": "100", "missing_lines": 0, "excluded_lines": 0}, "missing_lines": [], "excluded_lines": []}}}, "inventory\\apps.py": {"executed_lines": [1, 4, 5, 6, 8, 10], "summary": {"covered_lines": 6, "num_statements": 6, "percent_covered": 100.0, "percent_covered_display": "100", "missing_lines": 0, "excluded_lines": 0}, "missing_lines": [], "excluded_lines": [], "functions": {"InventoryConfig.ready": {"executed_lines": [10], "summary": {"covered_lines": 1, "num_statements": 1, "percent_covered": 100.0, "percent_covered_display": "100", "missing_lines": 0, "excluded_lines": 0}, "missing_lines": [], "excluded_lines": []}, "": {"executed_lines": [1, 4, 5, 6, 8], "summary": {"covered_lines": 5, "num_statements": 5, "percent_covered": 100.0, "percent_covered_display": "100", "missing_lines": 0, "excluded_lines": 0}, "missing_lines": [], "excluded_lines": []}}, "classes": {"InventoryConfig": {"executed_lines": [10], "summary": {"covered_lines": 1, "num_statements": 1, "percent_covered": 100.0, "percent_covered_display": "100", "missing_lines": 0, "excluded_lines": 0}, "missing_lines": [], "excluded_lines": []}, "": {"executed_lines": [1, 4, 5, 6, 8], "summary": {"covered_lines": 5, "num_statements": 5, "percent_covered": 100.0, "percent_covered_display": "100", "missing_lines": 0, "excluded_lines": 0}, "missing_lines": [], "excluded_lines": []}}}, "inventory\\excel_functions.py": {"executed_lines": [1, 2, 3, 4, 7, 26, 98], "summary": {"covered_lines": 7, "num_statements": 76, "percent_covered": 9.210526315789474, "percent_covered_display": "9", "missing_lines": 69, "excluded_lines": 0}, "missing_lines": [18, 19, 20, 21, 22, 23, 39, 40, 43, 44, 46, 50, 51, 54, 55, 58, 59, 76, 77, 78, 79, 80, 93, 94, 95, 106, 109, 110, 113, 114, 117, 118, 119, 120, 121, 122, 123, 126, 127, 128, 129, 130, 133, 134, 136, 137, 140, 142, 144, 147, 148, 149, 150, 151, 154, 157, 158, 159, 162, 163, 164, 167, 168, 169, 170, 173, 174, 175, 176], "excluded_lines": [], "functions": {"is_cell_merged": {"executed_lines": [], "summary": {"covered_lines": 0, "num_statements": 6, "percent_covered": 0.0, "percent_covered_display": "0", "missing_lines": 6, "excluded_lines": 0}, "missing_lines": [18, 19, 20, 21, 22, 23], "excluded_lines": []}, "format_row": {"executed_lines": [], "summary": {"covered_lines": 0, "num_statements": 19, "percent_covered": 0.0, "percent_covered_display": "0", "missing_lines": 19, "excluded_lines": 0}, "missing_lines": [39, 40, 43, 44, 46, 50, 51, 54, 55, 58, 59, 76, 77, 78, 79, 80, 93, 94, 95], "excluded_lines": []}, "setup_worksheet": {"executed_lines": [], "summary": {"covered_lines": 0, "num_statements": 44, "percent_covered": 0.0, "percent_covered_display": "0", "missing_lines": 44, "excluded_lines": 0}, "missing_lines": [106, 109, 110, 113, 114, 117, 118, 119, 120, 121, 122, 123, 126, 127, 128, 129, 130, 133, 134, 136, 137, 140, 142, 144, 147, 148, 149, 150, 151, 154, 157, 158, 159, 162, 163, 164, 167, 168, 169, 170, 173, 174, 175, 176], "excluded_lines": []}, "": {"executed_lines": [1, 2, 3, 4, 7, 26, 98], "summary": {"covered_lines": 7, "num_statements": 7, "percent_covered": 100.0, "percent_covered_display": "100", "missing_lines": 0, "excluded_lines": 0}, "missing_lines": [], "excluded_lines": []}}, "classes": {"": {"executed_lines": [1, 2, 3, 4, 7, 26, 98], "summary": {"covered_lines": 7, "num_statements": 76, "percent_covered": 9.210526315789474, "percent_covered_display": "9", "missing_lines": 69, "excluded_lines": 0}, "missing_lines": [18, 19, 20, 21, 22, 23, 39, 40, 43, 44, 46, 50, 51, 54, 55, 58, 59, 76, 77, 78, 79, 80, 93, 94, 95, 106, 109, 110, 113, 114, 117, 118, 119, 120, 121, 122, 123, 126, 127, 128, 129, 130, 133, 134, 136, 137, 140, 142, 144, 147, 148, 149, 150, 151, 154, 157, 158, 159, 162, 163, 164, 167, 168, 169, 170, 173, 174, 175, 176], "excluded_lines": []}}}, "inventory\\forms.py": {"executed_lines": [1, 5, 6, 7, 10, 11, 17, 20, 21, 38, 39, 40, 47, 63, 64, 85, 86, 87, 96, 109, 110, 132, 133, 134, 144, 159, 166], "summary": {"covered_lines": 22, "num_statements": 31, "percent_covered": 70.96774193548387, "percent_covered_display": "71", "missing_lines": 9, "excluded_lines": 0}, "missing_lines": [55, 57, 60, 104, 106, 152, 154, 155, 156], "excluded_lines": [], "functions": {"UsedItemForm.__init__": {"executed_lines": [], "summary": {"covered_lines": 0, "num_statements": 3, "percent_covered": 0.0, "percent_covered_display": "0", "missing_lines": 3, "excluded_lines": 0}, "missing_lines": [55, 57, 60], "excluded_lines": []}, "ItemRequestForm.__init__": {"executed_lines": [], "summary": {"covered_lines": 0, "num_statements": 2, "percent_covered": 0.0, "percent_covered_display": "0", "missing_lines": 2, "excluded_lines": 0}, "missing_lines": [104, 106], "excluded_lines": []}, "PurchaseOrderItemForm.__init__": {"executed_lines": [], "summary": {"covered_lines": 0, "num_statements": 4, "percent_covered": 0.0, "percent_covered_display": "0", "missing_lines": 4, "excluded_lines": 0}, "missing_lines": [152, 154, 155, 156], "excluded_lines": []}, "": {"executed_lines": [1, 5, 6, 7, 10, 11, 17, 20, 21, 38, 39, 40, 47, 63, 64, 85, 86, 87, 96, 109, 110, 132, 133, 134, 144, 159, 166], "summary": {"covered_lines": 22, "num_statements": 22, "percent_covered": 100.0, "percent_covered_display": "100", "missing_lines": 0, "excluded_lines": 0}, "missing_lines": [], "excluded_lines": []}}, "classes": {"ImportFileForm": {"executed_lines": [], "summary": {"covered_lines": 0, "num_statements": 0, "percent_covered": 100.0, "percent_covered_display": "100", "missing_lines": 0, "excluded_lines": 0}, "missing_lines": [], "excluded_lines": []}, "UsedItemForm": {"executed_lines": [], "summary": {"covered_lines": 0, "num_statements": 3, "percent_covered": 0.0, "percent_covered_display": "0", "missing_lines": 3, "excluded_lines": 0}, "missing_lines": [55, 57, 60], "excluded_lines": []}, "UsedItemForm.Meta": {"executed_lines": [], "summary": {"covered_lines": 0, "num_statements": 0, "percent_covered": 100.0, "percent_covered_display": "100", "missing_lines": 0, "excluded_lines": 0}, "missing_lines": [], "excluded_lines": []}, "ItemRequestForm": {"executed_lines": [], "summary": {"covered_lines": 0, "num_statements": 2, "percent_covered": 0.0, "percent_covered_display": "0", "missing_lines": 2, "excluded_lines": 0}, "missing_lines": [104, 106], "excluded_lines": []}, "ItemRequestForm.Meta": {"executed_lines": [], "summary": {"covered_lines": 0, "num_statements": 0, "percent_covered": 100.0, "percent_covered_display": "100", "missing_lines": 0, "excluded_lines": 0}, "missing_lines": [], "excluded_lines": []}, "PurchaseOrderItemForm": {"executed_lines": [], "summary": {"covered_lines": 0, "num_statements": 4, "percent_covered": 0.0, "percent_covered_display": "0", "missing_lines": 4, "excluded_lines": 0}, "missing_lines": [152, 154, 155, 156], "excluded_lines": []}, "PurchaseOrderItemForm.Meta": {"executed_lines": [], "summary": {"covered_lines": 0, "num_statements": 0, "percent_covered": 100.0, "percent_covered_display": "100", "missing_lines": 0, "excluded_lines": 0}, "missing_lines": [], "excluded_lines": []}, "": {"executed_lines": [1, 5, 6, 7, 10, 11, 17, 20, 21, 38, 39, 40, 47, 63, 64, 85, 86, 87, 96, 109, 110, 132, 133, 134, 144, 159, 166], "summary": {"covered_lines": 22, "num_statements": 22, "percent_covered": 100.0, "percent_covered_display": "100", "missing_lines": 0, "excluded_lines": 0}, "missing_lines": [], "excluded_lines": []}}}, "inventory\\migrations\\0001_initial.py": {"executed_lines": [3, 4, 5, 6, 7, 8, 11, 13, 15, 19], "summary": {"covered_lines": 10, "num_statements": 10, "percent_covered": 100.0, "percent_covered_display": "100", "missing_lines": 0, "excluded_lines": 0}, "missing_lines": [], "excluded_lines": [], "functions": {"": {"executed_lines": [3, 4, 5, 6, 7, 8, 11, 13, 15, 19], "summary": {"covered_lines": 10, "num_statements": 10, "percent_covered": 100.0, "percent_covered_display": "100", "missing_lines": 0, "excluded_lines": 0}, "missing_lines": [], "excluded_lines": []}}, "classes": {"Migration": {"executed_lines": [], "summary": {"covered_lines": 0, "num_statements": 0, "percent_covered": 100.0, "percent_covered_display": "100", "missing_lines": 0, "excluded_lines": 0}, "missing_lines": [], "excluded_lines": []}, "": {"executed_lines": [3, 4, 5, 6, 7, 8, 11, 13, 15, 19], "summary": {"covered_lines": 10, "num_statements": 10, "percent_covered": 100.0, "percent_covered_display": "100", "missing_lines": 0, "excluded_lines": 0}, "missing_lines": [], "excluded_lines": []}}}, "inventory\\migrations\\0002_itemrequest_status_changed_by_and_more.py": {"executed_lines": [3, 4, 5, 8, 10, 15], "summary": {"covered_lines": 6, "num_statements": 6, "percent_covered": 100.0, "percent_covered_display": "100", "missing_lines": 0, "excluded_lines": 0}, "missing_lines": [], "excluded_lines": [], "functions": {"": {"executed_lines": [3, 4, 5, 8, 10, 15], "summary": {"covered_lines": 6, "num_statements": 6, "percent_covered": 100.0, "percent_covered_display": "100", "missing_lines": 0, "excluded_lines": 0}, "missing_lines": [], "excluded_lines": []}}, "classes": {"Migration": {"executed_lines": [], "summary": {"covered_lines": 0, "num_statements": 0, "percent_covered": 100.0, "percent_covered_display": "100", "missing_lines": 0, "excluded_lines": 0}, "missing_lines": [], "excluded_lines": []}, "": {"executed_lines": [3, 4, 5, 8, 10, 15], "summary": {"covered_lines": 6, "num_statements": 6, "percent_covered": 100.0, "percent_covered_display": "100", "missing_lines": 0, "excluded_lines": 0}, "missing_lines": [], "excluded_lines": []}}}, "inventory\\migrations\\__init__.py": {"executed_lines": [0], "summary": {"covered_lines": 0, "num_statements": 0, "percent_covered": 100.0, "percent_covered_display": "100", "missing_lines": 0, "excluded_lines": 0}, "missing_lines": [], "excluded_lines": [], "functions": {"": {"executed_lines": [], "summary": {"covered_lines": 0, "num_statements": 0, "percent_covered": 100.0, "percent_covered_display": "100", "missing_lines": 0, "excluded_lines": 0}, "missing_lines": [], "excluded_lines": []}}, "classes": {"": {"executed_lines": [], "summary": {"covered_lines": 0, "num_statements": 0, "percent_covered": 100.0, "percent_covered_display": "100", "missing_lines": 0, "excluded_lines": 0}, "missing_lines": [], "excluded_lines": []}}}, "inventory\\models.py": {"executed_lines": [1, 2, 3, 4, 5, 7, 8, 12, 13, 14, 15, 17, 18, 20, 25, 26, 27, 33, 34, 35, 36, 37, 38, 45, 49, 63, 64, 67, 68, 71, 74, 83, 96, 97, 98, 99, 100, 101, 103, 110, 111, 112, 113, 114, 116, 120, 121, 122, 123, 124, 125, 127, 129, 133, 134, 135, 136, 139, 142, 143, 144, 153, 156, 160, 161, 162, 163, 164, 165, 167, 172, 175, 176, 184, 187, 191, 192, 193, 194, 195, 196, 198, 199, 200, 201, 202, 203, 204, 208], "summary": {"covered_lines": 89, "num_statements": 106, "percent_covered": 83.9622641509434, "percent_covered_display": "84", "missing_lines": 17, "excluded_lines": 0}, "missing_lines": [65, 69, 72, 78, 79, 80, 81, 90, 91, 92, 93, 117, 154, 157, 185, 188, 209], "excluded_lines": [], "functions": {"Item.low_stock": {"executed_lines": [], "summary": {"covered_lines": 0, "num_statements": 1, "percent_covered": 0.0, "percent_covered_display": "0", "missing_lines": 1, "excluded_lines": 0}, "missing_lines": [65], "excluded_lines": []}, "Item.model_part_num": {"executed_lines": [], "summary": {"covered_lines": 0, "num_statements": 1, "percent_covered": 0.0, "percent_covered_display": "0", "missing_lines": 1, "excluded_lines": 0}, "missing_lines": [69], "excluded_lines": []}, "Item.get_absolute_url": {"executed_lines": [], "summary": {"covered_lines": 0, "num_statements": 1, "percent_covered": 0.0, "percent_covered_display": "0", "missing_lines": 1, "excluded_lines": 0}, "missing_lines": [72], "excluded_lines": []}, "Item.save": {"executed_lines": [], "summary": {"covered_lines": 0, "num_statements": 4, "percent_covered": 0.0, "percent_covered_display": "0", "missing_lines": 4, "excluded_lines": 0}, "missing_lines": [78, 79, 80, 81], "excluded_lines": []}, "Item.__str__": {"executed_lines": [], "summary": {"covered_lines": 0, "num_statements": 4, "percent_covered": 0.0, "percent_covered_display": "0", "missing_lines": 4, "excluded_lines": 0}, "missing_lines": [90, 91, 92, 93], "excluded_lines": []}, "ItemHistory.__str__": {"executed_lines": [], "summary": {"covered_lines": 0, "num_statements": 1, "percent_covered": 0.0, "percent_covered_display": "0", "missing_lines": 1, "excluded_lines": 0}, "missing_lines": [117], "excluded_lines": []}, "ItemRequest.get_absolute_url": {"executed_lines": [], "summary": {"covered_lines": 0, "num_statements": 1, "percent_covered": 0.0, "percent_covered_display": "0", "missing_lines": 1, "excluded_lines": 0}, "missing_lines": [154], "excluded_lines": []}, "ItemRequest.__str__": {"executed_lines": [], "summary": {"covered_lines": 0, "num_statements": 1, "percent_covered": 0.0, "percent_covered_display": "0", "missing_lines": 1, "excluded_lines": 0}, "missing_lines": [157], "excluded_lines": []}, "UsedItem.get_absolute_url": {"executed_lines": [], "summary": {"covered_lines": 0, "num_statements": 1, "percent_covered": 0.0, "percent_covered_display": "0", "missing_lines": 1, "excluded_lines": 0}, "missing_lines": [185], "excluded_lines": []}, "UsedItem.__str__": {"executed_lines": [], "summary": {"covered_lines": 0, "num_statements": 1, "percent_covered": 0.0, "percent_covered_display": "0", "missing_lines": 1, "excluded_lines": 0}, "missing_lines": [188], "excluded_lines": []}, "PurchaseOrderItem.__str__": {"executed_lines": [], "summary": {"covered_lines": 0, "num_statements": 1, "percent_covered": 0.0, "percent_covered_display": "0", "missing_lines": 1, "excluded_lines": 0}, "missing_lines": [209], "excluded_lines": []}, "": {"executed_lines": [1, 2, 3, 4, 5, 7, 8, 12, 13, 14, 15, 17, 18, 20, 25, 26, 27, 33, 34, 35, 36, 37, 38, 45, 49, 63, 64, 67, 68, 71, 74, 83, 96, 97, 98, 99, 100, 101, 103, 110, 111, 112, 113, 114, 116, 120, 121, 122, 123, 124, 125, 127, 129, 133, 134, 135, 136, 139, 142, 143, 144, 153, 156, 160, 161, 162, 163, 164, 165, 167, 172, 175, 176, 184, 187, 191, 192, 193, 194, 195, 196, 198, 199, 200, 201, 202, 203, 204, 208], "summary": {"covered_lines": 89, "num_statements": 89, "percent_covered": 100.0, "percent_covered_display": "100", "missing_lines": 0, "excluded_lines": 0}, "missing_lines": [], "excluded_lines": []}}, "classes": {"Item": {"executed_lines": [], "summary": {"covered_lines": 0, "num_statements": 11, "percent_covered": 0.0, "percent_covered_display": "0", "missing_lines": 11, "excluded_lines": 0}, "missing_lines": [65, 69, 72, 78, 79, 80, 81, 90, 91, 92, 93], "excluded_lines": []}, "Item.Meta": {"executed_lines": [], "summary": {"covered_lines": 0, "num_statements": 0, "percent_covered": 100.0, "percent_covered_display": "100", "missing_lines": 0, "excluded_lines": 0}, "missing_lines": [], "excluded_lines": []}, "ItemHistory": {"executed_lines": [], "summary": {"covered_lines": 0, "num_statements": 1, "percent_covered": 0.0, "percent_covered_display": "0", "missing_lines": 1, "excluded_lines": 0}, "missing_lines": [117], "excluded_lines": []}, "ItemHistory.Meta": {"executed_lines": [], "summary": {"covered_lines": 0, "num_statements": 0, "percent_covered": 100.0, "percent_covered_display": "100", "missing_lines": 0, "excluded_lines": 0}, "missing_lines": [], "excluded_lines": []}, "ItemRequest": {"executed_lines": [], "summary": {"covered_lines": 0, "num_statements": 2, "percent_covered": 0.0, "percent_covered_display": "0", "missing_lines": 2, "excluded_lines": 0}, "missing_lines": [154, 157], "excluded_lines": []}, "ItemRequest.Meta": {"executed_lines": [], "summary": {"covered_lines": 0, "num_statements": 0, "percent_covered": 100.0, "percent_covered_display": "100", "missing_lines": 0, "excluded_lines": 0}, "missing_lines": [], "excluded_lines": []}, "UsedItem": {"executed_lines": [], "summary": {"covered_lines": 0, "num_statements": 2, "percent_covered": 0.0, "percent_covered_display": "0", "missing_lines": 2, "excluded_lines": 0}, "missing_lines": [185, 188], "excluded_lines": []}, "UsedItem.Meta": {"executed_lines": [], "summary": {"covered_lines": 0, "num_statements": 0, "percent_covered": 100.0, "percent_covered_display": "100", "missing_lines": 0, "excluded_lines": 0}, "missing_lines": [], "excluded_lines": []}, "PurchaseOrderItem": {"executed_lines": [], "summary": {"covered_lines": 0, "num_statements": 1, "percent_covered": 0.0, "percent_covered_display": "0", "missing_lines": 1, "excluded_lines": 0}, "missing_lines": [209], "excluded_lines": []}, "PurchaseOrderItem.Meta": {"executed_lines": [], "summary": {"covered_lines": 0, "num_statements": 0, "percent_covered": 100.0, "percent_covered_display": "100", "missing_lines": 0, "excluded_lines": 0}, "missing_lines": [], "excluded_lines": []}, "": {"executed_lines": [1, 2, 3, 4, 5, 7, 8, 12, 13, 14, 15, 17, 18, 20, 25, 26, 27, 33, 34, 35, 36, 37, 38, 45, 49, 63, 64, 67, 68, 71, 74, 83, 96, 97, 98, 99, 100, 101, 103, 110, 111, 112, 113, 114, 116, 120, 121, 122, 123, 124, 125, 127, 129, 133, 134, 135, 136, 139, 142, 143, 144, 153, 156, 160, 161, 162, 163, 164, 165, 167, 172, 175, 176, 184, 187, 191, 192, 193, 194, 195, 196, 198, 199, 200, 201, 202, 203, 204, 208], "summary": {"covered_lines": 89, "num_statements": 89, "percent_covered": 100.0, "percent_covered_display": "100", "missing_lines": 0, "excluded_lines": 0}, "missing_lines": [], "excluded_lines": []}}}, "inventory\\search_indexes.py": {"executed_lines": [1, 2, 4, 5, 6, 7, 8, 9, 10, 11, 12, 13, 15, 16, 18, 21, 22, 23, 24, 26, 27, 29], "summary": {"covered_lines": 22, "num_statements": 24, "percent_covered": 91.66666666666667, "percent_covered_display": "92", "missing_lines": 2, "excluded_lines": 0}, "missing_lines": [19, 30], "excluded_lines": [], "functions": {"ItemIndex.get_model": {"executed_lines": [16], "summary": {"covered_lines": 1, "num_statements": 1, "percent_covered": 100.0, "percent_covered_display": "100", "missing_lines": 0, "excluded_lines": 0}, "missing_lines": [], "excluded_lines": []}, "ItemIndex.index_queryset": {"executed_lines": [], "summary": {"covered_lines": 0, "num_statements": 1, "percent_covered": 0.0, "percent_covered_display": "0", "missing_lines": 1, "excluded_lines": 0}, "missing_lines": [19], "excluded_lines": []}, "UsedItemIndex.get_model": {"executed_lines": [27], "summary": {"covered_lines": 1, "num_statements": 1, "percent_covered": 100.0, "percent_covered_display": "100", "missing_lines": 0, "excluded_lines": 0}, "missing_lines": [], "excluded_lines": []}, "UsedItemIndex.index_queryset": {"executed_lines": [], "summary": {"covered_lines": 0, "num_statements": 1, "percent_covered": 0.0, "percent_covered_display": "0", "missing_lines": 1, "excluded_lines": 0}, "missing_lines": [30], "excluded_lines": []}, "": {"executed_lines": [1, 2, 4, 5, 6, 7, 8, 9, 10, 11, 12, 13, 15, 18, 21, 22, 23, 24, 26, 29], "summary": {"covered_lines": 20, "num_statements": 20, "percent_covered": 100.0, "percent_covered_display": "100", "missing_lines": 0, "excluded_lines": 0}, "missing_lines": [], "excluded_lines": []}}, "classes": {"ItemIndex": {"executed_lines": [16], "summary": {"covered_lines": 1, "num_statements": 2, "percent_covered": 50.0, "percent_covered_display": "50", "missing_lines": 1, "excluded_lines": 0}, "missing_lines": [19], "excluded_lines": []}, "UsedItemIndex": {"executed_lines": [27], "summary": {"covered_lines": 1, "num_statements": 2, "percent_covered": 50.0, "percent_covered_display": "50", "missing_lines": 1, "excluded_lines": 0}, "missing_lines": [30], "excluded_lines": []}, "": {"executed_lines": [1, 2, 4, 5, 6, 7, 8, 9, 10, 11, 12, 13, 15, 18, 21, 22, 23, 24, 26, 29], "summary": {"covered_lines": 20, "num_statements": 20, "percent_covered": 100.0, "percent_covered_display": "100", "missing_lines": 0, "excluded_lines": 0}, "missing_lines": [], "excluded_lines": []}}}, "inventory\\signals\\handlers.py": {"executed_lines": [1, 9, 10, 11, 12, 13, 14, 15, 21, 22, 56, 57, 70, 71, 103, 104], "summary": {"covered_lines": 15, "num_statements": 42, "percent_covered": 35.714285714285715, "percent_covered_display": "36", "missing_lines": 27, "excluded_lines": 0}, "missing_lines": [37, 38, 39, 40, 41, 42, 45, 46, 47, 48, 49, 66, 67, 84, 86, 89, 92, 94, 95, 96, 114, 115, 117, 118, 120, 122, 123], "excluded_lines": [], "functions": {"create_or_update_item_history": {"executed_lines": [], "summary": {"covered_lines": 0, "num_statements": 11, "percent_covered": 0.0, "percent_covered_display": "0", "missing_lines": 11, "excluded_lines": 0}, "missing_lines": [37, 38, 39, 40, 41, 42, 45, 46, 47, 48, 49], "excluded_lines": []}, "handle_related_records": {"executed_lines": [], "summary": {"covered_lines": 0, "num_statements": 2, "percent_covered": 0.0, "percent_covered_display": "0", "missing_lines": 2, "excluded_lines": 0}, "missing_lines": [66, 67], "excluded_lines": []}, "send_item_request_notification": {"executed_lines": [], "summary": {"covered_lines": 0, "num_statements": 7, "percent_covered": 0.0, "percent_covered_display": "0", "missing_lines": 7, "excluded_lines": 0}, "missing_lines": [84, 86, 89, 92, 94, 95, 96], "excluded_lines": []}, "send_low_stock_notification": {"executed_lines": [], "summary": {"covered_lines": 0, "num_statements": 7, "percent_covered": 0.0, "percent_covered_display": "0", "missing_lines": 7, "excluded_lines": 0}, "missing_lines": [114, 115, 117, 118, 120, 122, 123], "excluded_lines": []}, "": {"executed_lines": [1, 9, 10, 11, 12, 13, 14, 15, 21, 22, 56, 57, 70, 71, 103, 104], "summary": {"covered_lines": 15, "num_statements": 15, "percent_covered": 100.0, "percent_covered_display": "100", "missing_lines": 0, "excluded_lines": 0}, "missing_lines": [], "excluded_lines": []}}, "classes": {"": {"executed_lines": [1, 9, 10, 11, 12, 13, 14, 15, 21, 22, 56, 57, 70, 71, 103, 104], "summary": {"covered_lines": 15, "num_statements": 42, "percent_covered": 35.714285714285715, "percent_covered_display": "36", "missing_lines": 27, "excluded_lines": 0}, "missing_lines": [37, 38, 39, 40, 41, 42, 45, 46, 47, 48, 49, 66, 67, 84, 86, 89, 92, 94, 95, 96, 114, 115, 117, 118, 120, 122, 123], "excluded_lines": []}}}, "inventory\\tests\\__init__.py": {"executed_lines": [0], "summary": {"covered_lines": 0, "num_statements": 0, "percent_covered": 100.0, "percent_covered_display": "100", "missing_lines": 0, "excluded_lines": 0}, "missing_lines": [], "excluded_lines": [], "functions": {"": {"executed_lines": [], "summary": {"covered_lines": 0, "num_statements": 0, "percent_covered": 100.0, "percent_covered_display": "100", "missing_lines": 0, "excluded_lines": 0}, "missing_lines": [], "excluded_lines": []}}, "classes": {"": {"executed_lines": [], "summary": {"covered_lines": 0, "num_statements": 0, "percent_covered": 100.0, "percent_covered_display": "100", "missing_lines": 0, "excluded_lines": 0}, "missing_lines": [], "excluded_lines": []}}}, "inventory\\tests\\test_forms.py": {"executed_lines": [0], "summary": {"covered_lines": 0, "num_statements": 0, "percent_covered": 100.0, "percent_covered_display": "100", "missing_lines": 0, "excluded_lines": 0}, "missing_lines": [], "excluded_lines": [], "functions": {"": {"executed_lines": [], "summary": {"covered_lines": 0, "num_statements": 0, "percent_covered": 100.0, "percent_covered_display": "100", "missing_lines": 0, "excluded_lines": 0}, "missing_lines": [], "excluded_lines": []}}, "classes": {"": {"executed_lines": [], "summary": {"covered_lines": 0, "num_statements": 0, "percent_covered": 100.0, "percent_covered_display": "100", "missing_lines": 0, "excluded_lines": 0}, "missing_lines": [], "excluded_lines": []}}}, "inventory\\tests\\test_models.py": {"executed_lines": [1, 2, 3, 4, 6, 7, 11, 12, 13, 45, 52, 59, 68, 92, 98, 104, 128, 152, 175, 195, 198, 199, 200, 229, 261, 268, 270, 271, 280, 282], "summary": {"covered_lines": 30, "num_statements": 75, "percent_covered": 40.0, "percent_covered_display": "40", "missing_lines": 45, "excluded_lines": 0}, "missing_lines": [14, 21, 29, 36, 38, 41, 43, 49, 50, 56, 57, 63, 64, 76, 81, 86, 96, 102, 112, 117, 122, 136, 141, 146, 156, 157, 162, 163, 168, 169, 179, 183, 188, 204, 211, 219, 225, 226, 227, 233, 238, 242, 247, 251, 256], "excluded_lines": [], "functions": {"ItemModelTests.setUpTestData": {"executed_lines": [], "summary": {"covered_lines": 0, "num_statements": 7, "percent_covered": 0.0, "percent_covered_display": "0", "missing_lines": 7, "excluded_lines": 0}, "missing_lines": [14, 21, 29, 36, 38, 41, 43], "excluded_lines": []}, "ItemModelTests.test_item_unit": {"executed_lines": [], "summary": {"covered_lines": 0, "num_statements": 2, "percent_covered": 0.0, "percent_covered_display": "0", "missing_lines": 2, "excluded_lines": 0}, "missing_lines": [49, 50], "excluded_lines": []}, "ItemModelTests.test_create_item_part_blankpartnumber": {"executed_lines": [], "summary": {"covered_lines": 0, "num_statements": 2, "percent_covered": 0.0, "percent_covered_display": "0", "missing_lines": 2, "excluded_lines": 0}, "missing_lines": [56, 57], "excluded_lines": []}, "ItemModelTests.test_create_item_part_nonblankpartnumber": {"executed_lines": [], "summary": {"covered_lines": 0, "num_statements": 2, "percent_covered": 0.0, "percent_covered_display": "0", "missing_lines": 2, "excluded_lines": 0}, "missing_lines": [63, 64], "excluded_lines": []}, "ItemModelTests.test_item_quantity": {"executed_lines": [], "summary": {"covered_lines": 0, "num_statements": 3, "percent_covered": 0.0, "percent_covered_display": "0", "missing_lines": 3, "excluded_lines": 0}, "missing_lines": [76, 81, 86], "excluded_lines": []}, "ItemModelTests.test_item_is_low_stock": {"executed_lines": [], "summary": {"covered_lines": 0, "num_statements": 1, "percent_covered": 0.0, "percent_covered_display": "0", "missing_lines": 1, "excluded_lines": 0}, "missing_lines": [96], "excluded_lines": []}, "ItemModelTests.test_item_is_not_low_stock": {"executed_lines": [], "summary": {"covered_lines": 0, "num_statements": 1, "percent_covered": 0.0, "percent_covered_display": "0", "missing_lines": 1, "excluded_lines": 0}, "missing_lines": [102], "excluded_lines": []}, "ItemModelTests.test_item_unit_price": {"executed_lines": [], "summary": {"covered_lines": 0, "num_statements": 3, "percent_covered": 0.0, "percent_covered_display": "0", "missing_lines": 3, "excluded_lines": 0}, "missing_lines": [112, 117, 122], "excluded_lines": []}, "ItemModelTests.test_item_model_part_num": {"executed_lines": [], "summary": {"covered_lines": 0, "num_statements": 3, "percent_covered": 0.0, "percent_covered_display": "0", "missing_lines": 3, "excluded_lines": 0}, "missing_lines": [136, 141, 146], "excluded_lines": []}, "ItemModelTests.test_get_absolute_urls": {"executed_lines": [], "summary": {"covered_lines": 0, "num_statements": 6, "percent_covered": 0.0, "percent_covered_display": "0", "missing_lines": 6, "excluded_lines": 0}, "missing_lines": [156, 157, 162, 163, 168, 169], "excluded_lines": []}, "ItemModelTests.test_last_modified_by_none": {"executed_lines": [], "summary": {"covered_lines": 0, "num_statements": 3, "percent_covered": 0.0, "percent_covered_display": "0", "missing_lines": 3, "excluded_lines": 0}, "missing_lines": [179, 183, 188], "excluded_lines": []}, "ItemHistoryModelTests.setUpTestData": {"executed_lines": [], "summary": {"covered_lines": 0, "num_statements": 6, "percent_covered": 0.0, "percent_covered_display": "0", "missing_lines": 6, "excluded_lines": 0}, "missing_lines": [204, 211, 219, 225, 226, 227], "excluded_lines": []}, "ItemHistoryModelTests.test_history_action_create": {"executed_lines": [], "summary": {"covered_lines": 0, "num_statements": 6, "percent_covered": 0.0, "percent_covered_display": "0", "missing_lines": 6, "excluded_lines": 0}, "missing_lines": [233, 238, 242, 247, 251, 256], "excluded_lines": []}, "ItemHistoryModelTests.test_history_action_update": {"executed_lines": [], "summary": {"covered_lines": 0, "num_statements": 0, "percent_covered": 100.0, "percent_covered_display": "100", "missing_lines": 0, "excluded_lines": 0}, "missing_lines": [], "excluded_lines": []}, "ItemRequestModelTests.setUpTestData": {"executed_lines": [], "summary": {"covered_lines": 0, "num_statements": 0, "percent_covered": 100.0, "percent_covered_display": "100", "missing_lines": 0, "excluded_lines": 0}, "missing_lines": [], "excluded_lines": []}, "UsedItemModelTests.setUpTestData": {"executed_lines": [], "summary": {"covered_lines": 0, "num_statements": 0, "percent_covered": 100.0, "percent_covered_display": "100", "missing_lines": 0, "excluded_lines": 0}, "missing_lines": [], "excluded_lines": []}, "": {"executed_lines": [1, 2, 3, 4, 6, 7, 11, 12, 13, 45, 52, 59, 68, 92, 98, 104, 128, 152, 175, 195, 198, 199, 200, 229, 261, 268, 270, 271, 280, 282], "summary": {"covered_lines": 30, "num_statements": 30, "percent_covered": 100.0, "percent_covered_display": "100", "missing_lines": 0, "excluded_lines": 0}, "missing_lines": [], "excluded_lines": []}}, "classes": {"ItemModelTests": {"executed_lines": [], "summary": {"covered_lines": 0, "num_statements": 33, "percent_covered": 0.0, "percent_covered_display": "0", "missing_lines": 33, "excluded_lines": 0}, "missing_lines": [14, 21, 29, 36, 38, 41, 43, 49, 50, 56, 57, 63, 64, 76, 81, 86, 96, 102, 112, 117, 122, 136, 141, 146, 156, 157, 162, 163, 168, 169, 179, 183, 188], "excluded_lines": []}, "ItemHistoryModelTests": {"executed_lines": [], "summary": {"covered_lines": 0, "num_statements": 12, "percent_covered": 0.0, "percent_covered_display": "0", "missing_lines": 12, "excluded_lines": 0}, "missing_lines": [204, 211, 219, 225, 226, 227, 233, 238, 242, 247, 251, 256], "excluded_lines": []}, "ItemRequestModelTests": {"executed_lines": [], "summary": {"covered_lines": 0, "num_statements": 0, "percent_covered": 100.0, "percent_covered_display": "100", "missing_lines": 0, "excluded_lines": 0}, "missing_lines": [], "excluded_lines": []}, "UsedItemModelTests": {"executed_lines": [], "summary": {"covered_lines": 0, "num_statements": 0, "percent_covered": 100.0, "percent_covered_display": "100", "missing_lines": 0, "excluded_lines": 0}, "missing_lines": [], "excluded_lines": []}, "": {"executed_lines": [1, 2, 3, 4, 6, 7, 11, 12, 13, 45, 52, 59, 68, 92, 98, 104, 128, 152, 175, 195, 198, 199, 200, 229, 261, 268, 270, 271, 280, 282], "summary": {"covered_lines": 30, "num_statements": 30, "percent_covered": 100.0, "percent_covered_display": "100", "missing_lines": 0, "excluded_lines": 0}, "missing_lines": [], "excluded_lines": []}}}, "inventory\\tests\\test_views.py": {"executed_lines": [1, 2, 3, 4, 5, 7, 8, 9, 18, 19, 20, 50, 60, 79, 80, 81, 118, 127, 148, 169, 190, 212, 214, 215, 243, 244, 268, 269, 293, 322, 350, 367, 395, 443, 492, 493, 494, 536, 537, 561, 562, 586, 587, 611, 647, 681, 701, 737, 771, 791, 827, 861, 881, 917, 951, 972, 973, 974, 1015, 1016, 1040, 1056, 1072, 1090, 1112, 1113, 1114, 1132, 1172, 1188, 1210, 1211, 1212, 1228, 1229, 1230, 1240], "summary": {"covered_lines": 77, "num_statements": 535, "percent_covered": 14.392523364485982, "percent_covered_display": "14", "missing_lines": 458, "excluded_lines": 0}, "missing_lines": [24, 32, 33, 35, 37, 38, 40, 41, 54, 57, 58, 64, 65, 67, 68, 70, 71, 74, 75, 76, 85, 97, 98, 99, 100, 103, 104, 106, 107, 109, 110, 112, 113, 115, 116, 122, 124, 125, 131, 132, 134, 135, 138, 139, 142, 143, 144, 145, 146, 152, 153, 155, 156, 159, 160, 161, 164, 165, 166, 167, 173, 174, 176, 177, 180, 181, 182, 183, 184, 185, 188, 194, 195, 197, 198, 201, 202, 203, 204, 205, 206, 209, 219, 220, 221, 222, 225, 226, 228, 229, 231, 232, 234, 235, 238, 239, 241, 248, 249, 250, 251, 253, 254, 255, 256, 258, 259, 260, 261, 263, 264, 265, 266, 273, 274, 275, 276, 278, 279, 280, 281, 283, 284, 285, 286, 288, 289, 290, 291, 298, 299, 302, 315, 316, 319, 320, 328, 329, 332, 345, 346, 356, 357, 371, 372, 375, 388, 389, 392, 393, 400, 401, 404, 417, 418, 421, 424, 437, 438, 441, 448, 449, 452, 465, 466, 469, 472, 485, 486, 489, 499, 511, 512, 513, 514, 517, 518, 520, 521, 523, 524, 526, 527, 530, 531, 532, 534, 541, 542, 543, 544, 546, 547, 548, 549, 551, 552, 553, 554, 556, 557, 558, 559, 566, 567, 568, 569, 571, 572, 573, 574, 576, 577, 578, 579, 581, 582, 583, 584, 591, 592, 593, 594, 596, 597, 598, 599, 601, 602, 603, 604, 606, 607, 608, 609, 615, 616, 629, 630, 633, 636, 637, 638, 639, 640, 641, 642, 643, 644, 645, 651, 652, 664, 665, 668, 671, 672, 673, 674, 675, 676, 677, 678, 679, 685, 686, 691, 692, 695, 698, 699, 705, 706, 719, 720, 723, 726, 727, 728, 729, 730, 731, 732, 733, 734, 735, 741, 742, 754, 755, 758, 761, 762, 763, 764, 765, 766, 767, 768, 769, 775, 776, 781, 782, 785, 788, 789, 795, 796, 809, 810, 813, 816, 817, 818, 819, 820, 821, 822, 823, 824, 825, 831, 832, 844, 845, 848, 851, 852, 853, 854, 855, 856, 857, 858, 859, 865, 866, 871, 872, 875, 878, 879, 885, 886, 899, 900, 903, 906, 907, 908, 909, 910, 911, 912, 913, 914, 915, 921, 922, 934, 935, 938, 941, 942, 943, 944, 945, 946, 947, 948, 949, 955, 956, 961, 962, 965, 968, 969, 979, 980, 981, 982, 985, 986, 988, 989, 991, 992, 994, 995, 998, 1011, 1013, 1020, 1021, 1022, 1023, 1025, 1026, 1027, 1028, 1030, 1031, 1032, 1033, 1035, 1036, 1037, 1038, 1044, 1047, 1048, 1049, 1052, 1053, 1054, 1060, 1063, 1064, 1065, 1068, 1069, 1070, 1076, 1079, 1080, 1082, 1085, 1086, 1088, 1094, 1097, 1098, 1100, 1103, 1104, 1106, 1123, 1124, 1125, 1130, 1140, 1141, 1144, 1157, 1158, 1161, 1162, 1165, 1166, 1168, 1169, 1170, 1178, 1179, 1194, 1195], "excluded_lines": [], "functions": {"ItemViewTests.setUpTestData": {"executed_lines": [], "summary": {"covered_lines": 0, "num_statements": 8, "percent_covered": 0.0, "percent_covered_display": "0", "missing_lines": 8, "excluded_lines": 0}, "missing_lines": [24, 32, 33, 35, 37, 38, 40, 41], "excluded_lines": []}, "ItemViewTests.test_item_view_GET_unauthenticated": {"executed_lines": [], "summary": {"covered_lines": 0, "num_statements": 3, "percent_covered": 0.0, "percent_covered_display": "0", "missing_lines": 3, "excluded_lines": 0}, "missing_lines": [54, 57, 58], "excluded_lines": []}, "ItemViewTests.test_item_view_GET_authenticated": {"executed_lines": [], "summary": {"covered_lines": 0, "num_statements": 9, "percent_covered": 0.0, "percent_covered_display": "0", "missing_lines": 9, "excluded_lines": 0}, "missing_lines": [64, 65, 67, 68, 70, 71, 74, 75, 76], "excluded_lines": []}, "ItemDetailViewTests.setUpTestData": {"executed_lines": [], "summary": {"covered_lines": 0, "num_statements": 15, "percent_covered": 0.0, "percent_covered_display": "0", "missing_lines": 15, "excluded_lines": 0}, "missing_lines": [85, 97, 98, 99, 100, 103, 104, 106, 107, 109, 110, 112, 113, 115, 116], "excluded_lines": []}, "ItemDetailViewTests.test_item_detail_GET_unauthenticated": {"executed_lines": [], "summary": {"covered_lines": 0, "num_statements": 3, "percent_covered": 0.0, "percent_covered_display": "0", "missing_lines": 3, "excluded_lines": 0}, "missing_lines": [122, 124, 125], "excluded_lines": []}, "ItemDetailViewTests.test_item_detail_GET_viewer": {"executed_lines": [], "summary": {"covered_lines": 0, "num_statements": 11, "percent_covered": 0.0, "percent_covered_display": "0", "missing_lines": 11, "excluded_lines": 0}, "missing_lines": [131, 132, 134, 135, 138, 139, 142, 143, 144, 145, 146], "excluded_lines": []}, "ItemDetailViewTests.test_item_detail_GET_intern": {"executed_lines": [], "summary": {"covered_lines": 0, "num_statements": 11, "percent_covered": 0.0, "percent_covered_display": "0", "missing_lines": 11, "excluded_lines": 0}, "missing_lines": [152, 153, 155, 156, 159, 160, 161, 164, 165, 166, 167], "excluded_lines": []}, "ItemDetailViewTests.test_item_detail_GET_Technician": {"executed_lines": [], "summary": {"covered_lines": 0, "num_statements": 11, "percent_covered": 0.0, "percent_covered_display": "0", "missing_lines": 11, "excluded_lines": 0}, "missing_lines": [173, 174, 176, 177, 180, 181, 182, 183, 184, 185, 188], "excluded_lines": []}, "ItemDetailViewTests.test_item_detail_GET_superuser": {"executed_lines": [], "summary": {"covered_lines": 0, "num_statements": 11, "percent_covered": 0.0, "percent_covered_display": "0", "missing_lines": 11, "excluded_lines": 0}, "missing_lines": [194, 195, 197, 198, 201, 202, 203, 204, 205, 206, 209], "excluded_lines": []}, "ItemCreateViewTests.setUpTestData": {"executed_lines": [], "summary": {"covered_lines": 0, "num_statements": 15, "percent_covered": 0.0, "percent_covered_display": "0", "missing_lines": 15, "excluded_lines": 0}, "missing_lines": [219, 220, 221, 222, 225, 226, 228, 229, 231, 232, 234, 235, 238, 239, 241], "excluded_lines": []}, "ItemCreateViewTests.test_item_create_superuser_view_access_control": {"executed_lines": [], "summary": {"covered_lines": 0, "num_statements": 16, "percent_covered": 0.0, "percent_covered_display": "0", "missing_lines": 16, "excluded_lines": 0}, "missing_lines": [248, 249, 250, 251, 253, 254, 255, 256, 258, 259, 260, 261, 263, 264, 265, 266], "excluded_lines": []}, "ItemCreateViewTests.test_item_create_technician_view_access_control": {"executed_lines": [], "summary": {"covered_lines": 0, "num_statements": 16, "percent_covered": 0.0, "percent_covered_display": "0", "missing_lines": 16, "excluded_lines": 0}, "missing_lines": [273, 274, 275, 276, 278, 279, 280, 281, 283, 284, 285, 286, 288, 289, 290, 291], "excluded_lines": []}, "ItemCreateViewTests.test_item_create_as_superuser_with_superuser_view": {"executed_lines": [], "summary": {"covered_lines": 0, "num_statements": 7, "percent_covered": 0.0, "percent_covered_display": "0", "missing_lines": 7, "excluded_lines": 0}, "missing_lines": [298, 299, 302, 315, 316, 319, 320], "excluded_lines": []}, "ItemCreateViewTests.test_item_create_as_superuser_with_technician_view": {"executed_lines": [], "summary": {"covered_lines": 0, "num_statements": 5, "percent_covered": 0.0, "percent_covered_display": "0", "missing_lines": 5, "excluded_lines": 0}, "missing_lines": [328, 329, 332, 345, 346], "excluded_lines": []}, "ItemCreateViewTests.test_item_create_as_technician_with_superuser_view": {"executed_lines": [], "summary": {"covered_lines": 0, "num_statements": 2, "percent_covered": 0.0, "percent_covered_display": "0", "missing_lines": 2, "excluded_lines": 0}, "missing_lines": [356, 357], "excluded_lines": []}, "ItemCreateViewTests.test_item_create_as_technician_with_technician_view": {"executed_lines": [], "summary": {"covered_lines": 0, "num_statements": 7, "percent_covered": 0.0, "percent_covered_display": "0", "missing_lines": 7, "excluded_lines": 0}, "missing_lines": [371, 372, 375, 388, 389, 392, 393], "excluded_lines": []}, "ItemCreateViewTests.test_item_create_as_intern": {"executed_lines": [], "summary": {"covered_lines": 0, "num_statements": 10, "percent_covered": 0.0, "percent_covered_display": "0", "missing_lines": 10, "excluded_lines": 0}, "missing_lines": [400, 401, 404, 417, 418, 421, 424, 437, 438, 441], "excluded_lines": []}, "ItemCreateViewTests.test_item_create_as_viewer": {"executed_lines": [], "summary": {"covered_lines": 0, "num_statements": 10, "percent_covered": 0.0, "percent_covered_display": "0", "missing_lines": 10, "excluded_lines": 0}, "missing_lines": [448, 449, 452, 465, 466, 469, 472, 485, 486, 489], "excluded_lines": []}, "ItemUpdateViewTests.setUpTestData": {"executed_lines": [], "summary": {"covered_lines": 0, "num_statements": 17, "percent_covered": 0.0, "percent_covered_display": "0", "missing_lines": 17, "excluded_lines": 0}, "missing_lines": [499, 511, 512, 513, 514, 517, 518, 520, 521, 523, 524, 526, 527, 530, 531, 532, 534], "excluded_lines": []}, "ItemUpdateViewTests.test_item_update_superuser_view_access_control": {"executed_lines": [], "summary": {"covered_lines": 0, "num_statements": 16, "percent_covered": 0.0, "percent_covered_display": "0", "missing_lines": 16, "excluded_lines": 0}, "missing_lines": [541, 542, 543, 544, 546, 547, 548, 549, 551, 552, 553, 554, 556, 557, 558, 559], "excluded_lines": []}, "ItemUpdateViewTests.test_item_update_technician_view_access_control": {"executed_lines": [], "summary": {"covered_lines": 0, "num_statements": 16, "percent_covered": 0.0, "percent_covered_display": "0", "missing_lines": 16, "excluded_lines": 0}, "missing_lines": [566, 567, 568, 569, 571, 572, 573, 574, 576, 577, 578, 579, 581, 582, 583, 584], "excluded_lines": []}, "ItemUpdateViewTests.test_item_update_intern_view_access_control": {"executed_lines": [], "summary": {"covered_lines": 0, "num_statements": 16, "percent_covered": 0.0, "percent_covered_display": "0", "missing_lines": 16, "excluded_lines": 0}, "missing_lines": [591, 592, 593, 594, 596, 597, 598, 599, 601, 602, 603, 604, 606, 607, 608, 609], "excluded_lines": []}, "ItemUpdateViewTests.test_item_update_as_superuser_with_superuser_view": {"executed_lines": [], "summary": {"covered_lines": 0, "num_statements": 15, "percent_covered": 0.0, "percent_covered_display": "0", "missing_lines": 15, "excluded_lines": 0}, "missing_lines": [615, 616, 629, 630, 633, 636, 637, 638, 639, 640, 641, 642, 643, 644, 645], "excluded_lines": []}, "ItemUpdateViewTests.test_item_update_as_superuser_with_technician_view": {"executed_lines": [], "summary": {"covered_lines": 0, "num_statements": 14, "percent_covered": 0.0, "percent_covered_display": "0", "missing_lines": 14, "excluded_lines": 0}, "missing_lines": [651, 652, 664, 665, 668, 671, 672, 673, 674, 675, 676, 677, 678, 679], "excluded_lines": []}, "ItemUpdateViewTests.test_item_update_as_superuser_with_intern_view": {"executed_lines": [], "summary": {"covered_lines": 0, "num_statements": 7, "percent_covered": 0.0, "percent_covered_display": "0", "missing_lines": 7, "excluded_lines": 0}, "missing_lines": [685, 686, 691, 692, 695, 698, 699], "excluded_lines": []}, "ItemUpdateViewTests.test_item_update_as_technician_with_superuser_view": {"executed_lines": [], "summary": {"covered_lines": 0, "num_statements": 15, "percent_covered": 0.0, "percent_covered_display": "0", "missing_lines": 15, "excluded_lines": 0}, "missing_lines": [705, 706, 719, 720, 723, 726, 727, 728, 729, 730, 731, 732, 733, 734, 735], "excluded_lines": []}, "ItemUpdateViewTests.test_item_update_as_technician_with_technician_view": {"executed_lines": [], "summary": {"covered_lines": 0, "num_statements": 14, "percent_covered": 0.0, "percent_covered_display": "0", "missing_lines": 14, "excluded_lines": 0}, "missing_lines": [741, 742, 754, 755, 758, 761, 762, 763, 764, 765, 766, 767, 768, 769], "excluded_lines": []}, "ItemUpdateViewTests.test_item_update_as_technician_with_intern_view": {"executed_lines": [], "summary": {"covered_lines": 0, "num_statements": 7, "percent_covered": 0.0, "percent_covered_display": "0", "missing_lines": 7, "excluded_lines": 0}, "missing_lines": [775, 776, 781, 782, 785, 788, 789], "excluded_lines": []}, "ItemUpdateViewTests.test_item_update_as_intern_with_superuser_view": {"executed_lines": [], "summary": {"covered_lines": 0, "num_statements": 15, "percent_covered": 0.0, "percent_covered_display": "0", "missing_lines": 15, "excluded_lines": 0}, "missing_lines": [795, 796, 809, 810, 813, 816, 817, 818, 819, 820, 821, 822, 823, 824, 825], "excluded_lines": []}, "ItemUpdateViewTests.test_item_update_as_intern_with_technician_view": {"executed_lines": [], "summary": {"covered_lines": 0, "num_statements": 14, "percent_covered": 0.0, "percent_covered_display": "0", "missing_lines": 14, "excluded_lines": 0}, "missing_lines": [831, 832, 844, 845, 848, 851, 852, 853, 854, 855, 856, 857, 858, 859], "excluded_lines": []}, "ItemUpdateViewTests.test_item_update_as_intern_with_intern_view": {"executed_lines": [], "summary": {"covered_lines": 0, "num_statements": 7, "percent_covered": 0.0, "percent_covered_display": "0", "missing_lines": 7, "excluded_lines": 0}, "missing_lines": [865, 866, 871, 872, 875, 878, 879], "excluded_lines": []}, "ItemUpdateViewTests.test_item_update_as_viewer_with_superuser_view": {"executed_lines": [], "summary": {"covered_lines": 0, "num_statements": 15, "percent_covered": 0.0, "percent_covered_display": "0", "missing_lines": 15, "excluded_lines": 0}, "missing_lines": [885, 886, 899, 900, 903, 906, 907, 908, 909, 910, 911, 912, 913, 914, 915], "excluded_lines": []}, "ItemUpdateViewTests.test_item_update_as_viewer_with_technician_view": {"executed_lines": [], "summary": {"covered_lines": 0, "num_statements": 14, "percent_covered": 0.0, "percent_covered_display": "0", "missing_lines": 14, "excluded_lines": 0}, "missing_lines": [921, 922, 934, 935, 938, 941, 942, 943, 944, 945, 946, 947, 948, 949], "excluded_lines": []}, "ItemUpdateViewTests.test_item_update_as_viewer_with_intern_view": {"executed_lines": [], "summary": {"covered_lines": 0, "num_statements": 7, "percent_covered": 0.0, "percent_covered_display": "0", "missing_lines": 7, "excluded_lines": 0}, "missing_lines": [955, 956, 961, 962, 965, 968, 969], "excluded_lines": []}, "ItemDeleteViewtests.setUpTestData": {"executed_lines": [], "summary": {"covered_lines": 0, "num_statements": 15, "percent_covered": 0.0, "percent_covered_display": "0", "missing_lines": 15, "excluded_lines": 0}, "missing_lines": [979, 980, 981, 982, 985, 986, 988, 989, 991, 992, 994, 995, 998, 1011, 1013], "excluded_lines": []}, "ItemDeleteViewtests.test_item_delete_view_access_control": {"executed_lines": [], "summary": {"covered_lines": 0, "num_statements": 16, "percent_covered": 0.0, "percent_covered_display": "0", "missing_lines": 16, "excluded_lines": 0}, "missing_lines": [1020, 1021, 1022, 1023, 1025, 1026, 1027, 1028, 1030, 1031, 1032, 1033, 1035, 1036, 1037, 1038], "excluded_lines": []}, "ItemDeleteViewtests.test_item_delete_as_superuser": {"executed_lines": [], "summary": {"covered_lines": 0, "num_statements": 7, "percent_covered": 0.0, "percent_covered_display": "0", "missing_lines": 7, "excluded_lines": 0}, "missing_lines": [1044, 1047, 1048, 1049, 1052, 1053, 1054], "excluded_lines": []}, "ItemDeleteViewtests.test_item_delete_as_technician": {"executed_lines": [], "summary": {"covered_lines": 0, "num_statements": 7, "percent_covered": 0.0, "percent_covered_display": "0", "missing_lines": 7, "excluded_lines": 0}, "missing_lines": [1060, 1063, 1064, 1065, 1068, 1069, 1070], "excluded_lines": []}, "ItemDeleteViewtests.test_item_delete_as_intern": {"executed_lines": [], "summary": {"covered_lines": 0, "num_statements": 7, "percent_covered": 0.0, "percent_covered_display": "0", "missing_lines": 7, "excluded_lines": 0}, "missing_lines": [1076, 1079, 1080, 1082, 1085, 1086, 1088], "excluded_lines": []}, "ItemDeleteViewtests.test_item_delete_as_viewer": {"executed_lines": [], "summary": {"covered_lines": 0, "num_statements": 7, "percent_covered": 0.0, "percent_covered_display": "0", "missing_lines": 7, "excluded_lines": 0}, "missing_lines": [1094, 1097, 1098, 1100, 1103, 1104, 1106], "excluded_lines": []}, "ItemHistoryViewTests.setUpTestData": {"executed_lines": [], "summary": {"covered_lines": 0, "num_statements": 4, "percent_covered": 0.0, "percent_covered_display": "0", "missing_lines": 4, "excluded_lines": 0}, "missing_lines": [1123, 1124, 1125, 1130], "excluded_lines": []}, "ItemHistoryViewTests.test_item_history_view_record_of_creation": {"executed_lines": [], "summary": {"covered_lines": 0, "num_statements": 12, "percent_covered": 0.0, "percent_covered_display": "0", "missing_lines": 12, "excluded_lines": 0}, "missing_lines": [1140, 1141, 1144, 1157, 1158, 1161, 1162, 1165, 1166, 1168, 1169, 1170], "excluded_lines": []}, "ItemHistoryViewTests.test_item_history_view_record_of_update": {"executed_lines": [], "summary": {"covered_lines": 0, "num_statements": 2, "percent_covered": 0.0, "percent_covered_display": "0", "missing_lines": 2, "excluded_lines": 0}, "missing_lines": [1178, 1179], "excluded_lines": []}, "ItemHistoryViewTests.test_item_history_view_record_of_use": {"executed_lines": [], "summary": {"covered_lines": 0, "num_statements": 2, "percent_covered": 0.0, "percent_covered_display": "0", "missing_lines": 2, "excluded_lines": 0}, "missing_lines": [1194, 1195], "excluded_lines": []}, "ItemRequestViewTests.setUpTestData": {"executed_lines": [], "summary": {"covered_lines": 0, "num_statements": 0, "percent_covered": 100.0, "percent_covered_display": "100", "missing_lines": 0, "excluded_lines": 0}, "missing_lines": [], "excluded_lines": []}, "UsedItemViewTests.setUpTestData": {"executed_lines": [], "summary": {"covered_lines": 0, "num_statements": 0, "percent_covered": 100.0, "percent_covered_display": "100", "missing_lines": 0, "excluded_lines": 0}, "missing_lines": [], "excluded_lines": []}, "UsedItemViewTests.test_used_item_view_access_control": {"executed_lines": [], "summary": {"covered_lines": 0, "num_statements": 0, "percent_covered": 100.0, "percent_covered_display": "100", "missing_lines": 0, "excluded_lines": 0}, "missing_lines": [], "excluded_lines": []}, "": {"executed_lines": [1, 2, 3, 4, 5, 7, 8, 9, 18, 19, 20, 50, 60, 79, 80, 81, 118, 127, 148, 169, 190, 212, 214, 215, 243, 244, 268, 269, 293, 322, 350, 367, 395, 443, 492, 493, 494, 536, 537, 561, 562, 586, 587, 611, 647, 681, 701, 737, 771, 791, 827, 861, 881, 917, 951, 972, 973, 974, 1015, 1016, 1040, 1056, 1072, 1090, 1112, 1113, 1114, 1132, 1172, 1188, 1210, 1211, 1212, 1228, 1229, 1230, 1240], "summary": {"covered_lines": 77, "num_statements": 77, "percent_covered": 100.
[...]
xcluded_lines": []}, "UsedItemView.get_queryset": {"executed_lines": [], "summary": {"covered_lines": 0, "num_statements": 1, "percent_covered": 0.0, "percent_covered_display": "0", "missing_lines": 1, "excluded_lines": 0}, "missing_lines": [1144], "excluded_lines": []}, "UsedItemDetailView.get_context_data": {"executed_lines": [], "summary": {"covered_lines": 0, "num_statements": 3, "percent_covered": 0.0, "percent_covered_display": "0", "missing_lines": 3, "excluded_lines": 0}, "missing_lines": [1186, 1187, 1188], "excluded_lines": []}, "UsedItemCreateView.get_initial": {"executed_lines": [], "summary": {"covered_lines": 0, "num_statements": 8, "percent_covered": 0.0, "percent_covered_display": "0", "missing_lines": 8, "excluded_lines": 0}, "missing_lines": [1229, 1230, 1231, 1232, 1233, 1234, 1235, 1240], "excluded_lines": []}, "UsedItemCreateView.get_context_data": {"executed_lines": [], "summary": {"covered_lines": 0, "num_statements": 8, "percent_covered": 0.0, "percent_covered_display": "0", "missing_lines": 8, "excluded_lines": 0}, "missing_lines": [1257, 1258, 1259, 1260, 1261, 1262, 1263, 1264], "excluded_lines": []}, "UsedItemCreateView.dispatch": {"executed_lines": [], "summary": {"covered_lines": 0, "num_statements": 6, "percent_covered": 0.0, "percent_covered_display": "0", "missing_lines": 6, "excluded_lines": 0}, "missing_lines": [1283, 1284, 1285, 1286, 1287, 1288], "excluded_lines": []}, "UsedItemCreateView.form_valid": {"executed_lines": [], "summary": {"covered_lines": 0, "num_statements": 11, "percent_covered": 0.0, "percent_covered_display": "0", "missing_lines": 11, "excluded_lines": 0}, "missing_lines": [1308, 1309, 1310, 1311, 1312, 1314, 1318, 1319, 1320, 1321, 1323], "excluded_lines": []}, "SearchUsedItemsView.get_queryset": {"executed_lines": [], "summary": {"covered_lines": 0, "num_statements": 3, "percent_covered": 0.0, "percent_covered_display": "0", "missing_lines": 3, "excluded_lines": 0}, "missing_lines": [1364, 1365, 1373], "excluded_lines": []}, "PurchaseOrderItemsFormView.get_initial": {"executed_lines": [], "summary": {"covered_lines": 0, "num_statements": 8, "percent_covered": 0.0, "percent_covered_display": "0", "missing_lines": 8, "excluded_lines": 0}, "missing_lines": [1413, 1414, 1415, 1416, 1417, 1418, 1420, 1430], "excluded_lines": []}, "PurchaseOrderItemsFormView.get_context_data": {"executed_lines": [], "summary": {"covered_lines": 0, "num_statements": 5, "percent_covered": 0.0, "percent_covered_display": "0", "missing_lines": 5, "excluded_lines": 0}, "missing_lines": [1447, 1448, 1449, 1451, 1455], "excluded_lines": []}, "PurchaseOrderItemsFormView.form_valid": {"executed_lines": [], "summary": {"covered_lines": 0, "num_statements": 33, "percent_covered": 0.0, "percent_covered_display": "0", "missing_lines": 33, "excluded_lines": 0}, "missing_lines": [1471, 1474, 1477, 1478, 1479, 1482, 1483, 1484, 1487, 1488, 1492, 1493, 1495, 1496, 1498, 1499, 1500, 1501, 1502, 1503, 1504, 1506, 1507, 1508, 1509, 1510, 1511, 1512, 1513, 1516, 1519, 1524, 1526], "excluded_lines": []}, "": {"executed_lines": [1, 28, 29, 30, 31, 32, 33, 34, 35, 36, 37, 39, 41, 43, 45, 47, 49, 58, 59, 79, 80, 81, 82, 83, 85, 97, 98, 117, 118, 119, 120, 122, 140, 141, 159, 160, 171, 173, 192, 193, 211, 212, 222, 224, 241, 242, 261, 262, 273, 275, 291, 308, 309, 328, 329, 339, 341, 357, 371, 372, 391, 392, 393, 395, 412, 430, 431, 451, 452, 453, 455, 469, 471, 501, 502, 522, 523, 524, 525, 526, 528, 550, 551, 570, 571, 572, 574, 626, 647, 648, 669, 670, 671, 672, 673, 675, 690, 715, 716, 734, 735, 736, 738, 748, 749, 766, 767, 769, 788, 789, 808, 809, 817, 819, 839, 860, 861, 882, 883, 885, 898, 912, 914, 928, 953, 954, 975, 976, 978, 990, 1004, 1006, 1023, 1047, 1048, 1057, 1058, 1059, 1061, 1068, 1080, 1082, 1108, 1109, 1129, 1130, 1131, 1132, 1133, 1135, 1147, 1148, 1167, 1168, 1169, 1170, 1172, 1191, 1192, 1213, 1214, 1215, 1217, 1242, 1266, 1290, 1326, 1327, 1347, 1348, 1349, 1350, 1351, 1353, 1379, 1380, 1399, 1400, 1401, 1403, 1432, 1457], "summary": {"covered_lines": 159, "num_statements": 159, "percent_covered": 100.0, "percent_covered_display": "100", "missing_lines": 0, "excluded_lines": 0}, "missing_lines": [], "excluded_lines": []}}, "classes": {"ItemView": {"executed_lines": [], "summary": {"covered_lines": 0, "num_statements": 1, "percent_covered": 0.0, "percent_covered_display": "0", "missing_lines": 1, "excluded_lines": 0}, "missing_lines": [94], "excluded_lines": []}, "ItemDetailView": {"executed_lines": [], "summary": {"covered_lines": 0, "num_statements": 3, "percent_covered": 0.0, "percent_covered_display": "0", "missing_lines": 3, "excluded_lines": 0}, "missing_lines": [135, 136, 137], "excluded_lines": []}, "ItemCreateSuperuserView": {"executed_lines": [], "summary": {"covered_lines": 0, "num_statements": 2, "percent_covered": 0.0, "percent_covered_display": "0", "missing_lines": 2, "excluded_lines": 0}, "missing_lines": [188, 189], "excluded_lines": []}, "ItemCreateTechnicianView": {"executed_lines": [], "summary": {"covered_lines": 0, "num_statements": 2, "percent_covered": 0.0, "percent_covered_display": "0", "missing_lines": 2, "excluded_lines": 0}, "missing_lines": [237, 238], "excluded_lines": []}, "ItemUpdateSuperuserView": {"executed_lines": [], "summary": {"covered_lines": 0, "num_statements": 4, "percent_covered": 0.0, "percent_covered_display": "0", "missing_lines": 4, "excluded_lines": 0}, "missing_lines": [288, 289, 304, 305], "excluded_lines": []}, "ItemUpdateTechnicianView": {"executed_lines": [], "summary": {"covered_lines": 0, "num_statements": 4, "percent_covered": 0.0, "percent_covered_display": "0", "missing_lines": 4, "excluded_lines": 0}, "missing_lines": [354, 355, 367, 368], "excluded_lines": []}, "ItemUpdateInternView": {"executed_lines": [], "summary": {"covered_lines": 0, "num_statements": 4, "percent_covered": 0.0, "percent_covered_display": "0", "missing_lines": 4, "excluded_lines": 0}, "missing_lines": [409, 410, 426, 427], "excluded_lines": []}, "ItemDeleteView": {"executed_lines": [], "summary": {"covered_lines": 0, "num_statements": 8, "percent_covered": 0.0, "percent_covered_display": "0", "missing_lines": 8, "excluded_lines": 0}, "missing_lines": [465, 488, 489, 491, 492, 493, 494, 498], "excluded_lines": []}, "SearchItemsView": {"executed_lines": [], "summary": {"covered_lines": 0, "num_statements": 3, "percent_covered": 0.0, "percent_covered_display": "0", "missing_lines": 3, "excluded_lines": 0}, "missing_lines": [539, 540, 547], "excluded_lines": []}, "ImportItemDataView": {"executed_lines": [], "summary": {"covered_lines": 0, "num_statements": 20, "percent_covered": 0.0, "percent_covered_display": "0", "missing_lines": 20, "excluded_lines": 0}, "missing_lines": [586, 587, 588, 589, 592, 594, 595, 599, 600, 601, 602, 603, 604, 605, 606, 607, 610, 624, 640, 641], "excluded_lines": []}, "ItemHistoryView": {"executed_lines": [], "summary": {"covered_lines": 0, "num_statements": 7, "percent_covered": 0.0, "percent_covered_display": "0", "missing_lines": 7, "excluded_lines": 0}, "missing_lines": [686, 687, 688, 706, 707, 708, 709], "excluded_lines": []}, "ItemRequestView": {"executed_lines": [], "summary": {"covered_lines": 0, "num_statements": 1, "percent_covered": 0.0, "percent_covered_display": "0", "missing_lines": 1, "excluded_lines": 0}, "missing_lines": [745], "excluded_lines": []}, "ItemRequestDetailView": {"executed_lines": [], "summary": {"covered_lines": 0, "num_statements": 3, "percent_covered": 0.0, "percent_covered_display": "0", "missing_lines": 3, "excluded_lines": 0}, "missing_lines": [783, 784, 785], "excluded_lines": []}, "ItemRequestCreateView": {"executed_lines": [], "summary": {"covered_lines": 0, "num_statements": 11, "percent_covered": 0.0, "percent_covered_display": "0", "missing_lines": 11, "excluded_lines": 0}, "missing_lines": [831, 832, 833, 834, 835, 836, 837, 854, 855, 856, 857], "excluded_lines": []}, "ItemRequestAcceptView": {"executed_lines": [], "summary": {"covered_lines": 0, "num_statements": 12, "percent_covered": 0.0, "percent_covered_display": "0", "missing_lines": 12, "excluded_lines": 0}, "missing_lines": [896, 908, 924, 925, 926, 943, 944, 946, 947, 948, 949, 950], "excluded_lines": []}, "ItemRequestRejectView": {"executed_lines": [], "summary": {"covered_lines": 0, "num_statements": 11, "percent_covered": 0.0, "percent_covered_display": "0", "missing_lines": 11, "excluded_lines": 0}, "missing_lines": [988, 1000, 1019, 1020, 1021, 1038, 1039, 1041, 1042, 1043, 1044], "excluded_lines": []}, "ItemRequestDeleteView": {"executed_lines": [], "summary": {"covered_lines": 0, "num_statements": 8, "percent_covered": 0.0, "percent_covered_display": "0", "missing_lines": 8, "excluded_lines": 0}, "missing_lines": [1063, 1064, 1065, 1066, 1078, 1098, 1099, 1101], "excluded_lines": []}, "UsedItemView": {"executed_lines": [], "summary": {"covered_lines": 0, "num_statements": 1, "percent_covered": 0.0, "percent_covered_display": "0", "missing_lines": 1, "excluded_lines": 0}, "missing_lines": [1144], "excluded_lines": []}, "UsedItemDetailView": {"executed_lines": [], "summary": {"covered_lines": 0, "num_statements": 3, "percent_covered": 0.0, "percent_covered_display": "0", "missing_lines": 3, "excluded_lines": 0}, "missing_lines": [1186, 1187, 1188], "excluded_lines": []}, "UsedItemCreateView": {"executed_lines": [], "summary": {"covered_lines": 0, "num_statements": 33, "percent_covered": 0.0, "percent_covered_display": "0", "missing_lines": 33, "excluded_lines": 0}, "missing_lines": [1229, 1230, 1231, 1232, 1233, 1234, 1235, 1240, 1257, 1258, 1259, 1260, 1261, 1262, 1263, 1264, 1283, 1284, 1285, 1286, 1287, 1288, 1308, 1309, 1310, 1311, 1312, 1314, 1318, 1319, 1320, 1321, 1323], "excluded_lines": []}, "SearchUsedItemsView": {"executed_lines": [], "summary": {"covered_lines": 0, "num_statements": 3, "percent_covered": 0.0, "percent_covered_display": "0", "missing_lines": 3, "excluded_lines": 0}, "missing_lines": [1364, 1365, 1373], "excluded_lines": []}, "PurchaseOrderItemsFormView": {"executed_lines": [], "summary": {"covered_lines": 0, "num_statements": 46, "percent_covered": 0.0, "percent_covered_display": "0", "missing_lines": 46, "excluded_lines": 0}, "missing_lines": [1413, 1414, 1415, 1416, 1417, 1418, 1420, 1430, 1447, 1448, 1449, 1451, 1455, 1471, 1474, 1477, 1478, 1479, 1482, 1483, 1484, 1487, 1488, 1492, 1493, 1495, 1496, 1498, 1499, 1500, 1501, 1502, 1503, 1504, 1506, 1507, 1508, 1509, 1510, 1511, 1512, 1513, 1516, 1519, 1524, 1526], "excluded_lines": []}, "": {"executed_lines": [1, 28, 29, 30, 31, 32, 33, 34, 35, 36, 37, 39, 41, 43, 45, 47, 49, 58, 59, 79, 80, 81, 82, 83, 85, 97, 98, 117, 118, 119, 120, 122, 140, 141, 159, 160, 171, 173, 192, 193, 211, 212, 222, 224, 241, 242, 261, 262, 273, 275, 291, 308, 309, 328, 329, 339, 341, 357, 371, 372, 391, 392, 393, 395, 412, 430, 431, 451, 452, 453, 455, 469, 471, 501, 502, 522, 523, 524, 525, 526, 528, 550, 551, 570, 571, 572, 574, 626, 647, 648, 669, 670, 671, 672, 673, 675, 690, 715, 716, 734, 735, 736, 738, 748, 749, 766, 767, 769, 788, 789, 808, 809, 817, 819, 839, 860, 861, 882, 883, 885, 898, 912, 914, 928, 953, 954, 975, 976, 978, 990, 1004, 1006, 1023, 1047, 1048, 1057, 1058, 1059, 1061, 1068, 1080, 1082, 1108, 1109, 1129, 1130, 1131, 1132, 1133, 1135, 1147, 1148, 1167, 1168, 1169, 1170, 1172, 1191, 1192, 1213, 1214, 1215, 1217, 1242, 1266, 1290, 1326, 1327, 1347, 1348, 1349, 1350, 1351, 1353, 1379, 1380, 1399, 1400, 1401, 1403, 1432, 1457], "summary": {"covered_lines": 159, "num_statements": 159, "percent_covered": 100.0, "percent_covered_display": "100", "missing_lines": 0, "excluded_lines": 0}, "missing_lines": [], "excluded_lines": []}}}, "inventory_database\\__init__.py": {"executed_lines": [1], "summary": {"covered_lines": 0, "num_statements": 0, "percent_covered": 100.0, "percent_covered_display": "100", "missing_lines": 0, "excluded_lines": 0}, "missing_lines": [], "excluded_lines": [], "functions": {"": {"executed_lines": [1], "summary": {"covered_lines": 0, "num_statements": 0, "percent_covered": 100.0, "percent_covered_display": "100", "missing_lines": 0, "excluded_lines": 0}, "missing_lines": [], "excluded_lines": []}}, "classes": {"": {"executed_lines": [1], "summary": {"covered_lines": 0, "num_statements": 0, "percent_covered": 100.0, "percent_covered_display": "100", "missing_lines": 0, "excluded_lines": 0}, "missing_lines": [], "excluded_lines": []}}}, "inventory_database\\mixins.py": {"executed_lines": [1, 13, 14, 15, 17, 18, 25, 38, 49, 50, 57, 70, 81, 82, 89, 102, 113, 114, 121, 134], "summary": {"covered_lines": 15, "num_statements": 31, "percent_covered": 48.38709677419355, "percent_covered_display": "48", "missing_lines": 16, "excluded_lines": 0}, "missing_lines": [35, 36, 45, 46, 67, 68, 77, 78, 99, 100, 109, 110, 131, 132, 141, 142], "excluded_lines": [], "functions": {"SuperuserRequiredMixin.test_func": {"executed_lines": [], "summary": {"covered_lines": 0, "num_statements": 2, "percent_covered": 0.0, "percent_covered_display": "0", "missing_lines": 2, "excluded_lines": 0}, "missing_lines": [35, 36], "excluded_lines": []}, "SuperuserRequiredMixin.handle_no_permission": {"executed_lines": [], "summary": {"covered_lines": 0, "num_statements": 2, "percent_covered": 0.0, "percent_covered_display": "0", "missing_lines": 2, "excluded_lines": 0}, "missing_lines": [45, 46], "excluded_lines": []}, "SuperuserOrTechnicianRequiredMixin.test_func": {"executed_lines": [], "summary": {"covered_lines": 0, "num_statements": 2, "percent_covered": 0.0, "percent_covered_display": "0", "missing_lines": 2, "excluded_lines": 0}, "missing_lines": [67, 68], "excluded_lines": []}, "SuperuserOrTechnicianRequiredMixin.handle_no_permission": {"executed_lines": [], "summary": {"covered_lines": 0, "num_statements": 2, "percent_covered": 0.0, "percent_covered_display": "0", "missing_lines": 2, "excluded_lines": 0}, "missing_lines": [77, 78], "excluded_lines": []}, "TechnicianRequiredMixin.test_func": {"executed_lines": [], "summary": {"covered_lines": 0, "num_statements": 2, "percent_covered": 0.0, "percent_covered_display": "0", "missing_lines": 2, "excluded_lines": 0}, "missing_lines": [99, 100], "excluded_lines": []}, "TechnicianRequiredMixin.handle_no_permission": {"executed_lines": [], "summary": {"covered_lines": 0, "num_statements": 2, "percent_covered": 0.0, "percent_covered_display": "0", "missing_lines": 2, "excluded_lines": 0}, "missing_lines": [109, 110], "excluded_lines": []}, "InternRequiredMixin.test_func": {"executed_lines": [], "summary": {"covered_lines": 0, "num_statements": 2, "percent_covered": 0.0, "percent_covered_display": "0", "missing_lines": 2, "excluded_lines": 0}, "missing_lines": [131, 132], "excluded_lines": []}, "InternRequiredMixin.handle_no_permission": {"executed_lines": [], "summary": {"covered_lines": 0, "num_statements": 2, "percent_covered": 0.0, "percent_covered_display": "0", "missing_lines": 2, "excluded_lines": 0}, "missing_lines": [141, 142], "excluded_lines": []}, "": {"executed_lines": [1, 13, 14, 15, 17, 18, 25, 38, 49, 50, 57, 70, 81, 82, 89, 102, 113, 114, 121, 134], "summary": {"covered_lines": 15, "num_statements": 15, "percent_covered": 100.0, "percent_covered_display": "100", "missing_lines": 0, "excluded_lines": 0}, "missing_lines": [], "excluded_lines": []}}, "classes": {"SuperuserRequiredMixin": {"executed_lines": [], "summary": {"covered_lines": 0, "num_statements": 4, "percent_covered": 0.0, "percent_covered_display": "0", "missing_lines": 4, "excluded_lines": 0}, "missing_lines": [35, 36, 45, 46], "excluded_lines": []}, "SuperuserOrTechnicianRequiredMixin": {"executed_lines": [], "summary": {"covered_lines": 0, "num_statements": 4, "percent_covered": 0.0, "percent_covered_display": "0", "missing_lines": 4, "excluded_lines": 0}, "missing_lines": [67, 68, 77, 78], "excluded_lines": []}, "TechnicianRequiredMixin": {"executed_lines": [], "summary": {"covered_lines": 0, "num_statements": 4, "percent_covered": 0.0, "percent_covered_display": "0", "missing_lines": 4, "excluded_lines": 0}, "missing_lines": [99, 100, 109, 110], "excluded_lines": []}, "InternRequiredMixin": {"executed_lines": [], "summary": {"covered_lines": 0, "num_statements": 4, "percent_covered": 0.0, "percent_covered_display": "0", "missing_lines": 4, "excluded_lines": 0}, "missing_lines": [131, 132, 141, 142], "excluded_lines": []}, "": {"executed_lines": [1, 13, 14, 15, 17, 18, 25, 38, 49, 50, 57, 70, 81, 82, 89, 102, 113, 114, 121, 134], "summary": {"covered_lines": 15, "num_statements": 15, "percent_covered": 100.0, "percent_covered_display": "100", "missing_lines": 0, "excluded_lines": 0}, "missing_lines": [], "excluded_lines": []}}}, "inventory_database\\settings.py": {"executed_lines": [1, 13, 14, 15, 19, 22, 23, 29, 32, 34, 36, 37, 38, 43, 59, 69, 71, 91, 95, 103, 109, 132, 151, 155, 157, 159, 161, 167, 170, 175, 183, 186, 189, 193, 198], "summary": {"covered_lines": 34, "num_statements": 34, "percent_covered": 100.0, "percent_covered_display": "100", "missing_lines": 0, "excluded_lines": 0}, "missing_lines": [], "excluded_lines": [], "functions": {"": {"executed_lines": [1, 13, 14, 15, 19, 22, 23, 29, 32, 34, 36, 37, 38, 43, 59, 69, 71, 91, 95, 103, 109, 132, 151, 155, 157, 159, 161, 167, 170, 175, 183, 186, 189, 193, 198], "summary": {"covered_lines": 34, "num_statements": 34, "percent_covered": 100.0, "percent_covered_display": "100", "missing_lines": 0, "excluded_lines": 0}, "missing_lines": [], "excluded_lines": []}}, "classes": {"": {"executed_lines": [1, 13, 14, 15, 19, 22, 23, 29, 32, 34, 36, 37, 38, 43, 59, 69, 71, 91, 95, 103, 109, 132, 151, 155, 157, 159, 161, 167, 170, 175, 183, 186, 189, 193, 198], "summary": {"covered_lines": 34, "num_statements": 34, "percent_covered": 100.0, "percent_covered_display": "100", "missing_lines": 0, "excluded_lines": 0}, "missing_lines": [], "excluded_lines": []}}}, "inventory_database\\urls.py": {"executed_lines": [1, 17, 18, 19, 20, 22], "summary": {"covered_lines": 5, "num_statements": 5, "percent_covered": 100.0, "percent_covered_display": "100", "missing_lines": 0, "excluded_lines": 0}, "missing_lines": [], "excluded_lines": [], "functions": {"": {"executed_lines": [1, 17, 18, 19, 20, 22], "summary": {"covered_lines": 5, "num_statements": 5, "percent_covered": 100.0, "percent_covered_display": "100", "missing_lines": 0, "excluded_lines": 0}, "missing_lines": [], "excluded_lines": []}}, "classes": {"": {"executed_lines": [1, 17, 18, 19, 20, 22], "summary": {"covered_lines": 5, "num_statements": 5, "percent_covered": 100.0, "percent_covered_display": "100", "missing_lines": 0, "excluded_lines": 0}, "missing_lines": [], "excluded_lines": []}}}, "manage.py": {"executed_lines": [2, 3, 4, 7, 9, 10, 11, 18, 21, 22], "summary": {"covered_lines": 9, "num_statements": 11, "percent_covered": 81.81818181818181, "percent_covered_display": "82", "missing_lines": 2, "excluded_lines": 0}, "missing_lines": [12, 13], "excluded_lines": [], "functions": {"main": {"executed_lines": [9, 10, 11, 18], "summary": {"covered_lines": 4, "num_statements": 6, "percent_covered": 66.66666666666667, "percent_covered_display": "67", "missing_lines": 2, "excluded_lines": 0}, "missing_lines": [12, 13], "excluded_lines": []}, "": {"executed_lines": [2, 3, 4, 7, 21, 22], "summary": {"covered_lines": 5, "num_statements": 5, "percent_covered": 100.0, "percent_covered_display": "100", "missing_lines": 0, "excluded_lines": 0}, "missing_lines": [], "excluded_lines": []}}, "classes": {"": {"executed_lines": [2, 3, 4, 7, 9, 10, 11, 18, 21, 22], "summary": {"covered_lines": 9, "num_statements": 11, "percent_covered": 81.81818181818181, "percent_covered_display": "82", "missing_lines": 2, "excluded_lines": 0}, "missing_lines": [12, 13], "excluded_lines": []}}}}, "totals": {"covered_lines": 761, "num_statements": 1696, "percent_covered": 44.87028301886792, "percent_covered_display": "45", "missing_lines": 935, "excluded_lines": 0}}